{"C:\\Users\\user\\Documents\\bootcampJS\\final_project\\env.ts":{"path":"C:\\Users\\user\\Documents\\bootcampJS\\final_project\\env.ts","statementMap":{"0":{"start":{"line":2,"column":22},"end":{"line":4,"column":1}},"1":{"start":{"line":3,"column":4},"end":{"line":3,"column":62}},"2":{"start":{"line":5,"column":0},"end":{"line":5,"column":62}},"3":{"start":{"line":6,"column":14},"end":{"line":6,"column":79}},"4":{"start":{"line":7,"column":0},"end":{"line":14,"column":3}}},"fnMap":{"0":{"name":"(anonymous_0)","decl":{"start":{"line":2,"column":56},"end":{"line":2,"column":57}},"loc":{"start":{"line":2,"column":71},"end":{"line":4,"column":1}},"line":2}},"branchMap":{"0":{"loc":{"start":{"line":2,"column":22},"end":{"line":4,"column":1}},"type":"binary-expr","locations":[{"start":{"line":2,"column":23},"end":{"line":2,"column":27}},{"start":{"line":2,"column":31},"end":{"line":2,"column":51}},{"start":{"line":2,"column":56},"end":{"line":4,"column":1}}],"line":2},"1":{"loc":{"start":{"line":3,"column":11},"end":{"line":3,"column":61}},"type":"cond-expr","locations":[{"start":{"line":3,"column":37},"end":{"line":3,"column":40}},{"start":{"line":3,"column":43},"end":{"line":3,"column":61}}],"line":3},"2":{"loc":{"start":{"line":3,"column":12},"end":{"line":3,"column":33}},"type":"binary-expr","locations":[{"start":{"line":3,"column":12},"end":{"line":3,"column":15}},{"start":{"line":3,"column":19},"end":{"line":3,"column":33}}],"line":3}},"s":{"0":1,"1":1,"2":1,"3":1,"4":1},"f":{"0":1},"b":{"0":[1,1,1],"1":[0,1],"2":[1,1]},"inputSourceMap":{"version":3,"file":"env.js","sourceRoot":"","sources":["env.ts"],"names":[],"mappings":";;;;;AAcA,gFAAsC;AAEtC,kBAAe,aAAG,CAAC,KAAK,CAAC;IACxB,IAAI,EAAE,aAAG,CAAC,MAAM,CAAC,MAAM,CAAC,EAAE,MAAM,EAAE,MAAM,EAAE,CAAC;IAC3C,IAAI,EAAE,aAAG,CAAC,MAAM,CAAC,MAAM,EAAE;IACzB,OAAO,EAAE,aAAG,CAAC,MAAM,CAAC,MAAM,EAAE;IAC5B,QAAQ,EAAE,aAAG,CAAC,MAAM,CAAC,MAAM,EAAE;IAC5B,UAAU,EAAE,aAAG,CAAC,MAAM,CAAC,IAAI,CAAC,CAAC,OAAO,CAAU,CAAC;IAChD,QAAQ,EAAE,aAAG,CAAC,MAAM,CAAC,IAAI,CAAC,CAAC,aAAa,EAAE,YAAY,EAAE,MAAM,CAAU,CAAC;CACzE,CAAC,CAAA","sourcesContent":["/*\n|--------------------------------------------------------------------------\n| Validating Environment Variables\n|--------------------------------------------------------------------------\n|\n| In this file we define the rules for validating environment variables.\n| By performing validation we ensure that your application is running in\n| a stable environment with correct configuration values.\n|\n| This file is read automatically by the framework during the boot lifecycle\n| and hence do not rename or move this file to a different location.\n|\n*/\n\nimport Env from '@ioc:Adonis/Core/Env'\n\nexport default Env.rules({\n\tHOST: Env.schema.string({ format: 'host' }),\n\tPORT: Env.schema.number(),\n\tAPP_KEY: Env.schema.string(),\n\tAPP_NAME: Env.schema.string(),\n  DRIVE_DISK: Env.schema.enum(['local'] as const),\n\tNODE_ENV: Env.schema.enum(['development', 'production', 'test'] as const),\n})\n"]},"_coverageSchema":"1a1c01bbd47fc00a2c39e90264f33305004495a9","hash":"2eebaa1bbb77985c92582f177bbd07ed26cb3d23","contentHash":"c6ee5e29ac7bcb7bf0393eafe93d84ca18ed8f38a0a7c30426eeefff6a3c1bc6"},"C:\\Users\\user\\Documents\\bootcampJS\\final_project\\config\\app.ts":{"path":"C:\\Users\\user\\Documents\\bootcampJS\\final_project\\config\\app.ts","statementMap":{"0":{"start":{"line":2,"column":22},"end":{"line":4,"column":1}},"1":{"start":{"line":3,"column":4},"end":{"line":3,"column":62}},"2":{"start":{"line":5,"column":0},"end":{"line":5,"column":62}},"3":{"start":{"line":6,"column":0},"end":{"line":6,"column":95}},"4":{"start":{"line":7,"column":21},"end":{"line":7,"column":59}},"5":{"start":{"line":8,"column":14},"end":{"line":8,"column":79}},"6":{"start":{"line":9,"column":0},"end":{"line":9,"column":46}},"7":{"start":{"line":10,"column":0},"end":{"line":26,"column":2}},"8":{"start":{"line":27,"column":0},"end":{"line":32,"column":2}},"9":{"start":{"line":33,"column":0},"end":{"line":37,"column":2}},"10":{"start":{"line":38,"column":0},"end":{"line":38,"column":23}}},"fnMap":{"0":{"name":"(anonymous_0)","decl":{"start":{"line":2,"column":56},"end":{"line":2,"column":57}},"loc":{"start":{"line":2,"column":71},"end":{"line":4,"column":1}},"line":2}},"branchMap":{"0":{"loc":{"start":{"line":2,"column":22},"end":{"line":4,"column":1}},"type":"binary-expr","locations":[{"start":{"line":2,"column":23},"end":{"line":2,"column":27}},{"start":{"line":2,"column":31},"end":{"line":2,"column":51}},{"start":{"line":2,"column":56},"end":{"line":4,"column":1}}],"line":2},"1":{"loc":{"start":{"line":3,"column":11},"end":{"line":3,"column":61}},"type":"cond-expr","locations":[{"start":{"line":3,"column":37},"end":{"line":3,"column":40}},{"start":{"line":3,"column":43},"end":{"line":3,"column":61}}],"line":3},"2":{"loc":{"start":{"line":3,"column":12},"end":{"line":3,"column":33}},"type":"binary-expr","locations":[{"start":{"line":3,"column":12},"end":{"line":3,"column":15}},{"start":{"line":3,"column":19},"end":{"line":3,"column":33}}],"line":3}},"s":{"0":1,"1":2,"2":1,"3":1,"4":1,"5":1,"6":1,"7":1,"8":1,"9":1,"10":1},"f":{"0":2},"b":{"0":[1,1,1],"1":[0,2],"2":[2,2]},"inputSourceMap":{"version":3,"file":"app.js","sourceRoot":"","sources":["app.ts"],"names":[],"mappings":";;;;;;AAOA,4DAAkC;AAClC,gFAAsC;AAmBzB,QAAA,MAAM,GAAW,aAAG,CAAC,GAAG,CAAC,SAAS,CAAC,CAAA;AAWnC,QAAA,IAAI,GAAiB;IAYhC,mBAAmB,EAAE,KAAK;IAO1B,eAAe,EAAE,CAAC;IAWlB,iBAAiB,EAAE,KAAK;IAWxB,UAAU,EAAE,oBAAS,CAAC,OAAO,CAAC,UAAU,CAAC;IAUzC,IAAI,EAAE,KAAK;IAOX,iBAAiB,EAAE,UAAU;IAO7B,MAAM,EAAE;QACN,MAAM,EAAE,EAAE;QACV,IAAI,EAAE,GAAG;QACT,MAAM,EAAE,IAAI;QACZ,QAAQ,EAAE,IAAI;QACd,MAAM,EAAE,KAAK;QACb,QAAQ,EAAE,KAAK;KAChB;IAkBD,yBAAyB,EAAE,kBAAkB;CAC9C,CAAA;AAOY,QAAA,MAAM,GAAiB;IAalC,IAAI,EAAE,aAAG,CAAC,GAAG,CAAC,UAAU,CAAC;IAUzB,OAAO,EAAE,IAAI;IAYb,KAAK,EAAE,aAAG,CAAC,GAAG,CAAC,WAAW,EAAE,MAAM,CAAC;IAWnC,WAAW,EAAE,aAAG,CAAC,GAAG,CAAC,UAAU,CAAC,KAAK,aAAa;CACnD,CAAA;AAOY,QAAA,QAAQ,GAAmB;IAStC,OAAO,EAAE,IAAI;IAWb,SAAS,EAAE,EAAE;IAWb,SAAS,EAAE,EAAE;CACd,CAAA;AAWY,QAAA,SAAS,GAAoB,EACzC,CAAA","sourcesContent":["/**\n * Config source: https://git.io/JfefZ\n *\n * Feel free to let us know via PR, if you find something broken in this config\n * file.\n */\n\nimport proxyAddr from 'proxy-addr'\nimport Env from '@ioc:Adonis/Core/Env'\nimport type { ServerConfig } from '@ioc:Adonis/Core/Server'\nimport type { LoggerConfig } from '@ioc:Adonis/Core/Logger'\nimport type { ProfilerConfig } from '@ioc:Adonis/Core/Profiler'\nimport type { ValidatorConfig } from '@ioc:Adonis/Core/Validator'\n\n/*\n|--------------------------------------------------------------------------\n| Application secret key\n|--------------------------------------------------------------------------\n|\n| The secret to encrypt and sign different values in your application.\n| Make sure to keep the `APP_KEY` as an environment variable and secure.\n|\n| Note: Changing the application key for an existing app will make all\n| the cookies invalid and also the existing encrypted data will not\n| be decrypted.\n|\n*/\nexport const appKey: string = Env.get('APP_KEY')\n\n/*\n|--------------------------------------------------------------------------\n| Http server configuration\n|--------------------------------------------------------------------------\n|\n| The configuration for the HTTP(s) server. Make sure to go through all\n| the config properties to make keep server secure.\n|\n*/\nexport const http: ServerConfig = {\n  /*\n  |--------------------------------------------------------------------------\n  | Allow method spoofing\n  |--------------------------------------------------------------------------\n  |\n  | Method spoofing enables defining custom HTTP methods using a query string\n  | `_method`. This is usually required when you are making traditional\n  | form requests and wants to use HTTP verbs like `PUT`, `DELETE` and\n  | so on.\n  |\n  */\n  allowMethodSpoofing: false,\n\n  /*\n  |--------------------------------------------------------------------------\n  | Subdomain offset\n  |--------------------------------------------------------------------------\n  */\n  subdomainOffset: 2,\n\n  /*\n  |--------------------------------------------------------------------------\n  | Request Ids\n  |--------------------------------------------------------------------------\n  |\n  | Setting this value to `true` will generate a unique request id for each\n  | HTTP request and set it as `x-request-id` header.\n  |\n  */\n  generateRequestId: false,\n\n  /*\n  |--------------------------------------------------------------------------\n  | Trusting proxy servers\n  |--------------------------------------------------------------------------\n  |\n  | Define the proxy servers that AdonisJs must trust for reading `X-Forwarded`\n  | headers.\n  |\n  */\n  trustProxy: proxyAddr.compile('loopback'),\n\n  /*\n  |--------------------------------------------------------------------------\n  | Generating Etag\n  |--------------------------------------------------------------------------\n  |\n  | Whether or not to generate an etag for every response.\n  |\n  */\n  etag: false,\n\n  /*\n  |--------------------------------------------------------------------------\n  | JSONP Callback\n  |--------------------------------------------------------------------------\n  */\n  jsonpCallbackName: 'callback',\n\n  /*\n  |--------------------------------------------------------------------------\n  | Cookie settings\n  |--------------------------------------------------------------------------\n  */\n  cookie: {\n    domain: '',\n    path: '/',\n    maxAge: '2h',\n    httpOnly: true,\n    secure: false,\n    sameSite: false,\n  },\n\n  /*\n  |--------------------------------------------------------------------------\n  | Force Content Negotiation\n  |--------------------------------------------------------------------------\n  |\n  | The internals of the framework relies on the content negotiation to\n  | detect the best possible response type for a given HTTP request.\n  |\n  | However, it is a very common these days that API servers always wants to\n  | make response in JSON regardless of the existence of the `Accept` header.\n  |\n  | By setting `forceContentNegotiationTo = 'application/json'`, you negotiate\n  | with the server in advance to always return JSON without relying on the\n  | client to set the header explicitly.\n  |\n  */\n  forceContentNegotiationTo: 'application/json',\n}\n\n/*\n|--------------------------------------------------------------------------\n| Logger\n|--------------------------------------------------------------------------\n*/\nexport const logger: LoggerConfig = {\n  /*\n  |--------------------------------------------------------------------------\n  | Application name\n  |--------------------------------------------------------------------------\n  |\n  | The name of the application you want to add to the log. It is recommended\n  | to always have app name in every log line.\n  |\n  | The `APP_NAME` environment variable is automatically set by AdonisJS by\n  | reading the `name` property from the `package.json` file.\n  |\n  */\n  name: Env.get('APP_NAME'),\n\n  /*\n  |--------------------------------------------------------------------------\n  | Toggle logger\n  |--------------------------------------------------------------------------\n  |\n  | Enable or disable logger application wide\n  |\n  */\n  enabled: true,\n\n  /*\n  |--------------------------------------------------------------------------\n  | Logging level\n  |--------------------------------------------------------------------------\n  |\n  | The level from which you want the logger to flush logs. It is recommended\n  | to make use of the environment variable, so that you can define log levels\n  | at deployment level and not code level.\n  |\n  */\n  level: Env.get('LOG_LEVEL', 'info'),\n\n  /*\n  |--------------------------------------------------------------------------\n  | Pretty print\n  |--------------------------------------------------------------------------\n  |\n  | It is highly advised NOT to use `prettyPrint` in production, since it\n  | can have huge impact on performance.\n  |\n  */\n  prettyPrint: Env.get('NODE_ENV') === 'development',\n}\n\n/*\n|--------------------------------------------------------------------------\n| Profiler\n|--------------------------------------------------------------------------\n*/\nexport const profiler: ProfilerConfig = {\n  /*\n  |--------------------------------------------------------------------------\n  | Toggle profiler\n  |--------------------------------------------------------------------------\n  |\n  | Enable or disable profiler\n  |\n  */\n  enabled: true,\n\n  /*\n  |--------------------------------------------------------------------------\n  | Blacklist actions/row labels\n  |--------------------------------------------------------------------------\n  |\n  | Define an array of actions or row labels that you want to disable from\n  | getting profiled.\n  |\n  */\n  blacklist: [],\n\n  /*\n  |--------------------------------------------------------------------------\n  | Whitelist actions/row labels\n  |--------------------------------------------------------------------------\n  |\n  | Define an array of actions or row labels that you want to whitelist for\n  | the profiler. When whitelist is defined, then `blacklist` is ignored.\n  |\n  */\n  whitelist: [],\n}\n\n/*\n|--------------------------------------------------------------------------\n| Validator\n|--------------------------------------------------------------------------\n|\n| Configure the global configuration for the validator. Here's the reference\n| to the default config https://git.io/JT0WE\n|\n*/\nexport const validator: ValidatorConfig = {\n}\n"]},"_coverageSchema":"1a1c01bbd47fc00a2c39e90264f33305004495a9","hash":"2268171d64d3952ff47575175a75d0e22d3d6c16","contentHash":"c5dd1d57b3c2977d1e91741637fd167ac3922f4bb2dbdc5141f389e3b7e470fc"},"C:\\Users\\user\\Documents\\bootcampJS\\final_project\\config\\bodyparser.ts":{"path":"C:\\Users\\user\\Documents\\bootcampJS\\final_project\\config\\bodyparser.ts","statementMap":{"0":{"start":{"line":2,"column":0},"end":{"line":2,"column":62}},"1":{"start":{"line":3,"column":25},"end":{"line":44,"column":1}},"2":{"start":{"line":45,"column":0},"end":{"line":45,"column":35}}},"fnMap":{},"branchMap":{},"s":{"0":1,"1":1,"2":1},"f":{},"b":{},"inputSourceMap":{"version":3,"file":"bodyparser.js","sourceRoot":"","sources":["bodyparser.ts"],"names":[],"mappings":";;AASA,MAAM,gBAAgB,GAAqB;IAUzC,kBAAkB,EAAE,CAAC,MAAM,EAAE,KAAK,EAAE,OAAO,EAAE,QAAQ,CAAC;IAWtD,IAAI,EAAE;QACJ,QAAQ,EAAE,OAAO;QACjB,KAAK,EAAE,KAAK;QACZ,MAAM,EAAE,IAAI;QACZ,KAAK,EAAE;YACL,kBAAkB;YAClB,6BAA6B;YAC7B,0BAA0B;YAC1B,wBAAwB;SACzB;KACF;IAWD,IAAI,EAAE;QACJ,QAAQ,EAAE,OAAO;QACjB,KAAK,EAAE,KAAK;QACZ,WAAW,EAAE,EAAE;QAYf,yBAAyB,EAAE,IAAI;QAE/B,KAAK,EAAE;YACL,mCAAmC;SACpC;KACF;IAYD,GAAG,EAAE;QACH,QAAQ,EAAE,OAAO;QACjB,KAAK,EAAE,KAAK;QACZ,WAAW,EAAE,EAAE;QACf,KAAK,EAAE;YACL,QAAQ;SACT;KACF;IAWD,SAAS,EAAE;QAcT,WAAW,EAAE,IAAI;QAsBjB,eAAe,EAAE,EAAE;QAuBnB,QAAQ,EAAE,OAAO;QAYjB,yBAAyB,EAAE,IAAI;QAW/B,SAAS,EAAE,IAAI;QAWf,KAAK,EAAE,MAAM;QAUb,KAAK,EAAE;YACL,qBAAqB;SACtB;KACF;CACF,CAAA;AAED,kBAAe,gBAAgB,CAAA","sourcesContent":["/**\n * Config source: https://git.io/Jfefn\n *\n * Feel free to let us know via PR, if you find something broken in this config\n * file.\n */\n\nimport type { BodyParserConfig } from '@ioc:Adonis/Core/BodyParser'\n\nconst bodyParserConfig: BodyParserConfig = {\n  /*\n  |--------------------------------------------------------------------------\n  | White listed methods\n  |--------------------------------------------------------------------------\n  |\n  | HTTP methods for which body parsing must be performed. It is a good practice\n  | to avoid body parsing for `GET` requests.\n  |\n  */\n  whitelistedMethods: ['POST', 'PUT', 'PATCH', 'DELETE'],\n\n  /*\n  |--------------------------------------------------------------------------\n  | JSON parser settings\n  |--------------------------------------------------------------------------\n  |\n  | The settings for the JSON parser. The types defines the request content\n  | types which gets processed by the JSON parser.\n  |\n  */\n  json: {\n    encoding: 'utf-8',\n    limit: '1mb',\n    strict: true,\n    types: [\n      'application/json',\n      'application/json-patch+json',\n      'application/vnd.api+json',\n      'application/csp-report',\n    ],\n  },\n\n  /*\n  |--------------------------------------------------------------------------\n  | Form parser settings\n  |--------------------------------------------------------------------------\n  |\n  | The settings for the `application/x-www-form-urlencoded` parser. The types\n  | defines the request content types which gets processed by the form parser.\n  |\n  */\n  form: {\n    encoding: 'utf-8',\n    limit: '1mb',\n    queryString: {},\n\n    /*\n    |--------------------------------------------------------------------------\n    | Convert empty strings to null\n    |--------------------------------------------------------------------------\n    |\n    | Convert empty form fields to null. HTML forms results in field string\n    | value when the field is left blank. This option normalizes all the blank\n    | field values to \"null\"\n    |\n    */\n    convertEmptyStringsToNull: true,\n\n    types: [\n      'application/x-www-form-urlencoded',\n    ],\n  },\n\n  /*\n  |--------------------------------------------------------------------------\n  | Raw body parser settings\n  |--------------------------------------------------------------------------\n  |\n  | Raw body just reads the request body stream as a plain text, which you\n  | can process by hand. This must be used when request body type is not\n  | supported by the body parser.\n  |\n  */\n  raw: {\n    encoding: 'utf-8',\n    limit: '1mb',\n    queryString: {},\n    types: [\n      'text/*',\n    ],\n  },\n\n  /*\n  |--------------------------------------------------------------------------\n  | Multipart parser settings\n  |--------------------------------------------------------------------------\n  |\n  | The settings for the `multipart/form-data` parser. The types defines the\n  | request content types which gets processed by the form parser.\n  |\n  */\n  multipart: {\n    /*\n    |--------------------------------------------------------------------------\n    | Auto process\n    |--------------------------------------------------------------------------\n    |\n    | The auto process option will process uploaded files and writes them to\n    | the `tmp` folder. You can turn it off and then manually use the stream\n    | to pipe stream to a different destination.\n    |\n    | It is recommended to keep `autoProcess=true`. Unless you are processing bigger\n    | file sizes.\n    |\n    */\n    autoProcess: true,\n\n    /*\n    |--------------------------------------------------------------------------\n    | Files to be processed manually\n    |--------------------------------------------------------------------------\n    |\n    | You can turn off `autoProcess` for certain routes by defining\n    | routes inside the following array.\n    |\n    | NOTE: Make sure the route pattern starts with a leading slash.\n    |\n    | Correct\n    | ```js\n    | /projects/:id/file\n    | ```\n    |\n    | Incorrect\n    | ```js\n    | projects/:id/file\n    | ```\n    */\n    processManually: [],\n\n    /*\n    |--------------------------------------------------------------------------\n    | Temporary file name\n    |--------------------------------------------------------------------------\n    |\n    | When auto processing is on. We will use this method to compute the temporary\n    | file name. AdonisJs will compute a unique `tmpPath` for you automatically,\n    | However, you can also define your own custom method.\n    |\n    */\n    // tmpFileName () {\n    // },\n\n    /*\n    |--------------------------------------------------------------------------\n    | Encoding\n    |--------------------------------------------------------------------------\n    |\n    | Request body encoding\n    |\n    */\n    encoding: 'utf-8',\n\n    /*\n    |--------------------------------------------------------------------------\n    | Convert empty strings to null\n    |--------------------------------------------------------------------------\n    |\n    | Convert empty form fields to null. HTML forms results in field string\n    | value when the field is left blank. This option normalizes all the blank\n    | field values to \"null\"\n    |\n    */\n    convertEmptyStringsToNull: true,\n\n    /*\n    |--------------------------------------------------------------------------\n    | Max Fields\n    |--------------------------------------------------------------------------\n    |\n    | The maximum number of fields allowed in the request body. The field includes\n    | text inputs and files both.\n    |\n    */\n    maxFields: 1000,\n\n    /*\n    |--------------------------------------------------------------------------\n    | Request body limit\n    |--------------------------------------------------------------------------\n    |\n    | The total limit to the multipart body. This includes all request files\n    | and fields data.\n    |\n    */\n    limit: '20mb',\n\n    /*\n    |--------------------------------------------------------------------------\n    | Types\n    |--------------------------------------------------------------------------\n    |\n    | The types that will be considered and parsed as multipart body.\n    |\n    */\n    types: [\n      'multipart/form-data',\n    ],\n  },\n}\n\nexport default bodyParserConfig\n"]},"_coverageSchema":"1a1c01bbd47fc00a2c39e90264f33305004495a9","hash":"c54784321cc71a6a59a70afc7fceeea1b4eda199","contentHash":"80d6c8536210446fc0508ac1c0efb766b7c4d5184328f9a1a4af41a8284d1ba0"},"C:\\Users\\user\\Documents\\bootcampJS\\final_project\\config\\cors.ts":{"path":"C:\\Users\\user\\Documents\\bootcampJS\\final_project\\config\\cors.ts","statementMap":{"0":{"start":{"line":2,"column":0},"end":{"line":2,"column":62}},"1":{"start":{"line":3,"column":19},"end":{"line":18,"column":1}},"2":{"start":{"line":19,"column":0},"end":{"line":19,"column":29}}},"fnMap":{},"branchMap":{},"s":{"0":1,"1":1,"2":1},"f":{},"b":{},"inputSourceMap":{"version":3,"file":"cors.js","sourceRoot":"","sources":["cors.ts"],"names":[],"mappings":";;AASA,MAAM,UAAU,GAAe;IAa7B,OAAO,EAAE,KAAK;IAwBd,MAAM,EAAE,IAAI;IAYZ,OAAO,EAAE,CAAC,KAAK,EAAE,MAAM,EAAE,MAAM,EAAE,KAAK,EAAE,QAAQ,CAAC;IAmBjD,OAAO,EAAE,IAAI;IAsBb,aAAa,EAAE;QACb,eAAe;QACf,kBAAkB;QAClB,cAAc;QACd,SAAS;QACT,eAAe;QACf,QAAQ;KACT;IAaD,WAAW,EAAE,IAAI;IAWjB,MAAM,EAAE,EAAE;CACX,CAAA;AAED,kBAAe,UAAU,CAAA","sourcesContent":["/**\n * Config source: https://git.io/JfefC\n *\n * Feel free to let us know via PR, if you find something broken in this config\n * file.\n */\n\nimport type { CorsConfig } from '@ioc:Adonis/Core/Cors'\n\nconst corsConfig: CorsConfig = {\n  /*\n  |--------------------------------------------------------------------------\n  | Enabled\n  |--------------------------------------------------------------------------\n  |\n  | A boolean to enable or disable CORS integration from your AdonisJs\n  | application.\n  |\n  | Setting the value to `true` will enable the CORS for all HTTP request. However,\n  | you can define a function to enable/disable it on per request basis as well.\n  |\n  */\n  enabled: false,\n\n  // You can also use a function that return true or false.\n  // enabled: (request) => request.url().startsWith('/api')\n\n  /*\n  |--------------------------------------------------------------------------\n  | Origin\n  |--------------------------------------------------------------------------\n  |\n  | Set a list of origins to be allowed for `Access-Control-Allow-Origin`.\n  | The value can be one of the following:\n  |\n  | https://developer.mozilla.org/en-US/docs/Web/HTTP/Headers/Access-Control-Allow-Origin\n  |\n  | Boolean (true)    - Allow current request origin.\n  | Boolean (false)   - Disallow all.\n  | String            - Comma separated list of allowed origins.\n  | Array             - An array of allowed origins.\n  | String (*)        - A wildcard (*) to allow all request origins.\n  | Function          - Receives the current origin string and should return\n  |                     one of the above values.\n  |\n  */\n  origin: true,\n\n  /*\n  |--------------------------------------------------------------------------\n  | Methods\n  |--------------------------------------------------------------------------\n  |\n  | An array of allowed HTTP methods for CORS. The `Access-Control-Request-Method`\n  | is checked against the following list.\n  |\n  | Following is the list of default methods. Feel free to add more.\n  */\n  methods: ['GET', 'HEAD', 'POST', 'PUT', 'DELETE'],\n\n  /*\n  |--------------------------------------------------------------------------\n  | Headers\n  |--------------------------------------------------------------------------\n  |\n  | List of headers to be allowed for `Access-Control-Allow-Headers` header.\n  | The value can be one of the following:\n  |\n  | https://developer.mozilla.org/en-US/docs/Web/HTTP/Headers/Access-Control-Request-Headers\n  |\n  | Boolean(true)     - Allow all headers mentioned in `Access-Control-Request-Headers`.\n  | Boolean(false)    - Disallow all headers.\n  | String            - Comma separated list of allowed headers.\n  | Array             - An array of allowed headers.\n  | Function          - Receives the current header and should return one of the above values.\n  |\n  */\n  headers: true,\n\n  /*\n  |--------------------------------------------------------------------------\n  | Expose Headers\n  |--------------------------------------------------------------------------\n  |\n  | A list of headers to be exposed by setting `Access-Control-Expose-Headers`.\n  | header. By default following 6 simple response headers are exposed.\n  |\n  | Cache-Control\n  | Content-Language\n  | Content-Type\n  | Expires\n  | Last-Modified\n  | Pragma\n  |\n  | In order to add more headers, simply define them inside the following array.\n  |\n  | https://developer.mozilla.org/en-US/docs/Web/HTTP/Headers/Access-Control-Expose-Headers\n  |\n  */\n  exposeHeaders: [\n    'cache-control',\n    'content-language',\n    'content-type',\n    'expires',\n    'last-modified',\n    'pragma',\n  ],\n\n  /*\n  |--------------------------------------------------------------------------\n  | Credentials\n  |--------------------------------------------------------------------------\n  |\n  | Toggle `Access-Control-Allow-Credentials` header. If value is set to `true`,\n  | then header will be set, otherwise not.\n  |\n  | https://developer.mozilla.org/en-US/docs/Web/HTTP/Headers/Access-Control-Allow-Credentials\n  |\n  */\n  credentials: true,\n\n  /*\n  |--------------------------------------------------------------------------\n  | MaxAge\n  |--------------------------------------------------------------------------\n  |\n  | Define `Access-Control-Max-Age` header in seconds.\n  | https://developer.mozilla.org/en-US/docs/Web/HTTP/Headers/Access-Control-Max-Age\n  |\n  */\n  maxAge: 90,\n}\n\nexport default corsConfig\n"]},"_coverageSchema":"1a1c01bbd47fc00a2c39e90264f33305004495a9","hash":"46171e2b10d8d0b166c9cdedb873965cf699c6e2","contentHash":"afd9758da68a40429f7f60554e6a2ebb70d94f132e3d8e39cb4534890b9d305d"},"C:\\Users\\user\\Documents\\bootcampJS\\final_project\\config\\database.ts":{"path":"C:\\Users\\user\\Documents\\bootcampJS\\final_project\\config\\database.ts","statementMap":{"0":{"start":{"line":2,"column":22},"end":{"line":4,"column":1}},"1":{"start":{"line":3,"column":4},"end":{"line":3,"column":62}},"2":{"start":{"line":5,"column":0},"end":{"line":5,"column":62}},"3":{"start":{"line":6,"column":14},"end":{"line":6,"column":79}},"4":{"start":{"line":7,"column":23},"end":{"line":24,"column":1}},"5":{"start":{"line":25,"column":0},"end":{"line":25,"column":33}}},"fnMap":{"0":{"name":"(anonymous_0)","decl":{"start":{"line":2,"column":56},"end":{"line":2,"column":57}},"loc":{"start":{"line":2,"column":71},"end":{"line":4,"column":1}},"line":2}},"branchMap":{"0":{"loc":{"start":{"line":2,"column":22},"end":{"line":4,"column":1}},"type":"binary-expr","locations":[{"start":{"line":2,"column":23},"end":{"line":2,"column":27}},{"start":{"line":2,"column":31},"end":{"line":2,"column":51}},{"start":{"line":2,"column":56},"end":{"line":4,"column":1}}],"line":2},"1":{"loc":{"start":{"line":3,"column":11},"end":{"line":3,"column":61}},"type":"cond-expr","locations":[{"start":{"line":3,"column":37},"end":{"line":3,"column":40}},{"start":{"line":3,"column":43},"end":{"line":3,"column":61}}],"line":3},"2":{"loc":{"start":{"line":3,"column":12},"end":{"line":3,"column":33}},"type":"binary-expr","locations":[{"start":{"line":3,"column":12},"end":{"line":3,"column":15}},{"start":{"line":3,"column":19},"end":{"line":3,"column":33}}],"line":3}},"s":{"0":1,"1":1,"2":1,"3":1,"4":1,"5":1},"f":{"0":1},"b":{"0":[1,1,1],"1":[0,1],"2":[1,1]},"inputSourceMap":{"version":3,"file":"database.js","sourceRoot":"","sources":["database.ts"],"names":[],"mappings":";;;;;AAOA,gFAAsC;AAItC,MAAM,cAAc,GAAiD;IAWnE,UAAU,EAAE,aAAG,CAAC,GAAG,CAAC,eAAe,CAAC;IAEpC,WAAW,EAAE;QAYX,EAAE,EAAE;YACF,MAAM,EAAE,IAAI;YACZ,UAAU,EAAE;gBACV,IAAI,EAAE,aAAG,CAAC,GAAG,CAAC,SAAS,CAAC;gBACxB,IAAI,EAAE,aAAG,CAAC,GAAG,CAAC,SAAS,CAAC;gBACxB,IAAI,EAAE,aAAG,CAAC,GAAG,CAAC,SAAS,CAAC;gBACxB,QAAQ,EAAE,aAAG,CAAC,GAAG,CAAC,aAAa,EAAE,EAAE,CAAC;gBACpC,QAAQ,EAAE,aAAG,CAAC,GAAG,CAAC,YAAY,CAAC;aAChC;YACD,WAAW,EAAE,KAAK;YACrB,KAAK,EAAE,KAAK;SACV;KAEF;IAcD,GAAG,EAAE,EACJ;CACF,CAAA;AAED,kBAAe,cAAc,CAAA","sourcesContent":["/**\n * Config source: https://git.io/JesV9\n *\n * Feel free to let us know via PR, if you find something broken in this config\n * file.\n */\n\nimport Env from '@ioc:Adonis/Core/Env'\nimport { OrmConfig } from '@ioc:Adonis/Lucid/Orm'\nimport { DatabaseConfig } from '@ioc:Adonis/Lucid/Database'\n\nconst databaseConfig: DatabaseConfig & { orm: Partial<OrmConfig> } = {\n  /*\n  |--------------------------------------------------------------------------\n  | Connection\n  |--------------------------------------------------------------------------\n  |\n  | The primary connection for making database queries across the application\n  | You can use any key from the `connections` object defined in this same\n  | file.\n  |\n  */\n  connection: Env.get('DB_CONNECTION'),\n\n  connections: {\n    /*\n    |--------------------------------------------------------------------------\n    | PostgreSQL config\n    |--------------------------------------------------------------------------\n    |\n    | Configuration for PostgreSQL database. Make sure to install the driver\n    | from npm when using this connection\n    |\n    | npm i pg\n    |\n    */\n    pg: {\n      client: 'pg',\n      connection: {\n        host: Env.get('PG_HOST'),\n        port: Env.get('PG_PORT'),\n        user: Env.get('PG_USER'),\n        password: Env.get('PG_PASSWORD', ''),\n        database: Env.get('PG_DB_NAME'),\n      },\n      healthCheck: false,\n\t\t\tdebug: false,\n    },\n\n  },\n\n  /*\n  |--------------------------------------------------------------------------\n  | ORM Configuration\n  |--------------------------------------------------------------------------\n  |\n  | Following are some of the configuration options to tweak the conventional\n  | settings of the ORM. For example:\n  |\n  | - Define a custom function to compute the default table name for a given model.\n  | - Or define a custom function to compute the primary key for a given model.\n  |\n  */\n  orm: {\n  },\n}\n\nexport default databaseConfig\n"]},"_coverageSchema":"1a1c01bbd47fc00a2c39e90264f33305004495a9","hash":"b20b501b865512a963f85174faae42474aaf725c","contentHash":"9b84347ec984c5c05e1e05ca13cf3ecbe4246ce5185cf9b2136dff00f4618870"},"C:\\Users\\user\\Documents\\bootcampJS\\final_project\\config\\drive.ts":{"path":"C:\\Users\\user\\Documents\\bootcampJS\\final_project\\config\\drive.ts","statementMap":{"0":{"start":{"line":2,"column":22},"end":{"line":4,"column":1}},"1":{"start":{"line":3,"column":4},"end":{"line":3,"column":62}},"2":{"start":{"line":5,"column":0},"end":{"line":5,"column":62}},"3":{"start":{"line":6,"column":14},"end":{"line":6,"column":79}},"4":{"start":{"line":7,"column":17},"end":{"line":7,"column":55}},"5":{"start":{"line":8,"column":22},"end":{"line":8,"column":95}},"6":{"start":{"line":9,"column":0},"end":{"line":20,"column":3}}},"fnMap":{"0":{"name":"(anonymous_0)","decl":{"start":{"line":2,"column":56},"end":{"line":2,"column":57}},"loc":{"start":{"line":2,"column":71},"end":{"line":4,"column":1}},"line":2}},"branchMap":{"0":{"loc":{"start":{"line":2,"column":22},"end":{"line":4,"column":1}},"type":"binary-expr","locations":[{"start":{"line":2,"column":23},"end":{"line":2,"column":27}},{"start":{"line":2,"column":31},"end":{"line":2,"column":51}},{"start":{"line":2,"column":56},"end":{"line":4,"column":1}}],"line":2},"1":{"loc":{"start":{"line":3,"column":11},"end":{"line":3,"column":61}},"type":"cond-expr","locations":[{"start":{"line":3,"column":37},"end":{"line":3,"column":40}},{"start":{"line":3,"column":43},"end":{"line":3,"column":61}}],"line":3},"2":{"loc":{"start":{"line":3,"column":12},"end":{"line":3,"column":33}},"type":"binary-expr","locations":[{"start":{"line":3,"column":12},"end":{"line":3,"column":15}},{"start":{"line":3,"column":19},"end":{"line":3,"column":33}}],"line":3}},"s":{"0":1,"1":2,"2":1,"3":1,"4":1,"5":1,"6":1},"f":{"0":2},"b":{"0":[1,1,1],"1":[0,2],"2":[2,2]},"inputSourceMap":{"version":3,"file":"drive.js","sourceRoot":"","sources":["drive.ts"],"names":[],"mappings":";;;;;AAOA,gFAAsC;AACtC,wDAAyD;AACzD,gGAAsD;AAWtD,kBAAe,IAAA,oBAAW,EAAC;IAUzB,IAAI,EAAE,aAAG,CAAC,GAAG,CAAC,YAAY,CAAC;IAE3B,KAAK,EAAE;QAUL,KAAK,EAAE;YACL,MAAM,EAAE,OAAO;YACf,UAAU,EAAE,QAAQ;YAWpB,IAAI,EAAE,qBAAW,CAAC,OAAO,CAAC,SAAS,CAAC;YAYpC,UAAU,EAAE,IAAI;YAYhB,QAAQ,EAAE,UAAU;SACrB;KAmEF;CACF,CAAC,CAAA","sourcesContent":["/**\n * Config source: https://git.io/JBt3o\n *\n * Feel free to let us know via PR, if you find something broken in this config\n * file.\n */\n\nimport Env from '@ioc:Adonis/Core/Env'\nimport { driveConfig } from '@adonisjs/core/build/config'\nimport Application from '@ioc:Adonis/Core/Application'\n\n/*\n|--------------------------------------------------------------------------\n| Drive Config\n|--------------------------------------------------------------------------\n|\n| The `DriveConfig` relies on the `DisksList` interface which is\n| defined inside the `contracts` directory.\n|\n*/\nexport default driveConfig({\n  /*\n  |--------------------------------------------------------------------------\n  | Default disk\n  |--------------------------------------------------------------------------\n  |\n  | The default disk to use for managing file uploads. The value is driven by\n  | the `DRIVE_DISK` environment variable.\n  |\n  */\n  disk: Env.get('DRIVE_DISK'),\n\n  disks: {\n    /*\n    |--------------------------------------------------------------------------\n    | Local\n    |--------------------------------------------------------------------------\n    |\n    | Uses the local file system to manage files. Make sure to turn off serving\n    | files when not using this disk.\n    |\n    */\n    local: {\n      driver: 'local',\n      visibility: 'public',\n\n      /*\n      |--------------------------------------------------------------------------\n      | Storage root - Local driver only\n      |--------------------------------------------------------------------------\n      |\n      | Define an absolute path to the storage directory from where to read the\n      | files.\n      |\n      */\n      root: Application.tmpPath('uploads'),\n\n      /*\n      |--------------------------------------------------------------------------\n      | Serve files - Local driver only\n      |--------------------------------------------------------------------------\n      |\n      | When this is set to true, AdonisJS will configure a files server to serve\n      | files from the disk root. This is done to mimic the behavior of cloud\n      | storage services that has inbuilt capabilities to serve files.\n      |\n      */\n      serveFiles: true,\n\n      /*\n      |--------------------------------------------------------------------------\n      | Base path - Local driver only\n      |--------------------------------------------------------------------------\n      |\n      | Base path is always required when \"serveFiles = true\". Also make sure\n      | the `basePath` is unique across all the disks using \"local\" driver and\n      | you are not registering routes with this prefix.\n      |\n      */\n      basePath: '/uploads',\n    },\n\n    /*\n    |--------------------------------------------------------------------------\n    | S3 Driver\n    |--------------------------------------------------------------------------\n    |\n    | Uses the S3 cloud storage to manage files. Make sure to install the s3\n    | drive separately when using it.\n    |\n    |**************************************************************************\n    | npm i @adonisjs/drive-s3\n    |**************************************************************************\n    |\n    */\n    // s3: {\n    //   driver: 's3',\n    //   visibility: 'public',\n    //   key: Env.get('S3_KEY'),\n    //   secret: Env.get('S3_SECRET'),\n    //   region: Env.get('S3_REGION'),\n    //   bucket: Env.get('S3_BUCKET'),\n    //   endpoint: Env.get('S3_ENDPOINT'),\n    //\n    //  // For minio to work\n    //  // forcePathStyle: true,\n    // },\n\n    /*\n    |--------------------------------------------------------------------------\n    | GCS Driver\n    |--------------------------------------------------------------------------\n    |\n    | Uses the Google cloud storage to manage files. Make sure to install the GCS\n    | drive separately when using it.\n    |\n    |**************************************************************************\n    | npm i @adonisjs/drive-gcs\n    |**************************************************************************\n    |\n    */\n    // gcs: {\n    //   driver: 'gcs',\n    //   visibility: 'public',\n    //   keyFilename: Env.get('GCS_KEY_FILENAME'),\n    //   bucket: Env.get('GCS_BUCKET'),\n\n      /*\n      |--------------------------------------------------------------------------\n      | Uniform ACL - Google cloud storage only\n      |--------------------------------------------------------------------------\n      |\n      | When using the Uniform ACL on the bucket, the \"visibility\" option is\n      | ignored. Since, the files ACL is managed by the google bucket policies\n      | directly.\n      |\n      |**************************************************************************\n      | Learn more: https://cloud.google.com/storage/docs/uniform-bucket-level-access\n      |**************************************************************************\n      |\n      | The following option just informs drive whether your bucket is using uniform\n      | ACL or not. The actual setting needs to be toggled within the Google cloud\n      | console.\n      |\n      */\n    //   usingUniformAcl: false,\n    // },\n  },\n})\n"]},"_coverageSchema":"1a1c01bbd47fc00a2c39e90264f33305004495a9","hash":"29e1c0a7ef50bfc6a518a4069493c74709f40269","contentHash":"ab7172038bdddf30e8243f9b23c23d0bdfb667c7429322d2d2debe746b9ad411"},"C:\\Users\\user\\Documents\\bootcampJS\\final_project\\config\\hash.ts":{"path":"C:\\Users\\user\\Documents\\bootcampJS\\final_project\\config\\hash.ts","statementMap":{"0":{"start":{"line":2,"column":22},"end":{"line":4,"column":1}},"1":{"start":{"line":3,"column":4},"end":{"line":3,"column":62}},"2":{"start":{"line":5,"column":0},"end":{"line":5,"column":62}},"3":{"start":{"line":6,"column":14},"end":{"line":6,"column":79}},"4":{"start":{"line":7,"column":17},"end":{"line":7,"column":55}},"5":{"start":{"line":8,"column":0},"end":{"line":33,"column":3}}},"fnMap":{"0":{"name":"(anonymous_0)","decl":{"start":{"line":2,"column":56},"end":{"line":2,"column":57}},"loc":{"start":{"line":2,"column":71},"end":{"line":4,"column":1}},"line":2}},"branchMap":{"0":{"loc":{"start":{"line":2,"column":22},"end":{"line":4,"column":1}},"type":"binary-expr","locations":[{"start":{"line":2,"column":23},"end":{"line":2,"column":27}},{"start":{"line":2,"column":31},"end":{"line":2,"column":51}},{"start":{"line":2,"column":56},"end":{"line":4,"column":1}}],"line":2},"1":{"loc":{"start":{"line":3,"column":11},"end":{"line":3,"column":61}},"type":"cond-expr","locations":[{"start":{"line":3,"column":37},"end":{"line":3,"column":40}},{"start":{"line":3,"column":43},"end":{"line":3,"column":61}}],"line":3},"2":{"loc":{"start":{"line":3,"column":12},"end":{"line":3,"column":33}},"type":"binary-expr","locations":[{"start":{"line":3,"column":12},"end":{"line":3,"column":15}},{"start":{"line":3,"column":19},"end":{"line":3,"column":33}}],"line":3}},"s":{"0":1,"1":1,"2":1,"3":1,"4":1,"5":1},"f":{"0":1},"b":{"0":[1,1,1],"1":[0,1],"2":[1,1]},"inputSourceMap":{"version":3,"file":"hash.js","sourceRoot":"","sources":["hash.ts"],"names":[],"mappings":";;;;;AAOA,gFAAsC;AACtC,wDAAwD;AAWxD,kBAAe,IAAA,mBAAU,EAAC;IAUxB,OAAO,EAAE,aAAG,CAAC,GAAG,CAAC,aAAa,EAAE,QAAQ,CAAC;IAEzC,IAAI,EAAE;QAcJ,MAAM,EAAE;YACN,MAAM,EAAE,QAAQ;YAChB,IAAI,EAAE,KAAK;YACX,SAAS,EAAE,CAAC;YACZ,eAAe,EAAE,CAAC;YAClB,QAAQ,EAAE,EAAE;YACZ,SAAS,EAAE,EAAE;YACb,SAAS,EAAE,EAAE,GAAG,IAAI,GAAG,IAAI;SAC5B;QAeD,KAAK,EAAE;YACL,MAAM,EAAE,QAAQ;YAChB,OAAO,EAAE,IAAI;YACb,UAAU,EAAE,CAAC;YACb,MAAM,EAAE,IAAI;YACZ,WAAW,EAAE,CAAC;YACd,QAAQ,EAAE,EAAE;SACb;QAeD,MAAM,EAAE;YACN,MAAM,EAAE,QAAQ;YAChB,MAAM,EAAE,EAAE;SACX;KACF;CACF,CAAC,CAAA","sourcesContent":["/**\n * Config source: https://git.io/JfefW\n *\n * Feel free to let us know via PR, if you find something broken in this config\n * file.\n */\n\nimport Env from '@ioc:Adonis/Core/Env'\nimport { hashConfig } from '@adonisjs/core/build/config'\n\n/*\n|--------------------------------------------------------------------------\n| Hash Config\n|--------------------------------------------------------------------------\n|\n| The `HashConfig` relies on the `HashList` interface which is\n| defined inside `contracts` directory.\n|\n*/\nexport default hashConfig({\n  /*\n  |--------------------------------------------------------------------------\n  | Default hasher\n  |--------------------------------------------------------------------------\n  |\n  | By default we make use of the argon hasher to hash values. However, feel\n  | free to change the default value\n  |\n  */\n  default: Env.get('HASH_DRIVER', 'scrypt'),\n\n  list: {\n    /*\n    |--------------------------------------------------------------------------\n    | scrypt\n    |--------------------------------------------------------------------------\n    |\n    | Scrypt mapping uses the Node.js inbuilt crypto module for creating\n    | hashes.\n    |\n    | We are using the default configuration recommended within the Node.js\n    | documentation.\n    | https://nodejs.org/api/crypto.html#cryptoscryptpassword-salt-keylen-options-callback\n    |\n    */\n    scrypt: {\n      driver: 'scrypt',\n      cost: 16384,\n      blockSize: 8,\n      parallelization: 1,\n      saltSize: 16,\n      keyLength: 64,\n      maxMemory: 32 * 1024 * 1024,\n    },\n\n    /*\n    |--------------------------------------------------------------------------\n    | Argon\n    |--------------------------------------------------------------------------\n    |\n    | Argon mapping uses the `argon2` driver to hash values.\n    |\n    | Make sure you install the underlying dependency for this driver to work.\n    | https://www.npmjs.com/package/phc-argon2.\n    |\n    | npm install phc-argon2\n    |\n    */\n    argon: {\n      driver: 'argon2',\n      variant: 'id',\n      iterations: 3,\n      memory: 4096,\n      parallelism: 1,\n      saltSize: 16,\n    },\n\n    /*\n    |--------------------------------------------------------------------------\n    | Bcrypt\n    |--------------------------------------------------------------------------\n    |\n    | Bcrypt mapping uses the `bcrypt` driver to hash values.\n    |\n    | Make sure you install the underlying dependency for this driver to work.\n    | https://www.npmjs.com/package/phc-bcrypt.\n    |\n    | npm install phc-bcrypt\n    |\n    */\n    bcrypt: {\n      driver: 'bcrypt',\n      rounds: 10,\n    },\n  },\n})\n"]},"_coverageSchema":"1a1c01bbd47fc00a2c39e90264f33305004495a9","hash":"0aa330f418624705db4770f05bfb41869d661798","contentHash":"6b8474e9d92c7eb71599e2afd69b229185f4eb74b4a566f925512efafa27590c"},"C:\\Users\\user\\Documents\\bootcampJS\\final_project\\providers\\AppProvider.ts":{"path":"C:\\Users\\user\\Documents\\bootcampJS\\final_project\\providers\\AppProvider.ts","statementMap":{"0":{"start":{"line":2,"column":0},"end":{"line":2,"column":62}},"1":{"start":{"line":5,"column":8},"end":{"line":5,"column":23}},"2":{"start":{"line":16,"column":0},"end":{"line":16,"column":30}}},"fnMap":{"0":{"name":"(anonymous_0)","decl":{"start":{"line":4,"column":4},"end":{"line":4,"column":5}},"loc":{"start":{"line":4,"column":21},"end":{"line":6,"column":5}},"line":4},"1":{"name":"(anonymous_1)","decl":{"start":{"line":7,"column":4},"end":{"line":7,"column":5}},"loc":{"start":{"line":7,"column":15},"end":{"line":8,"column":5}},"line":7},"2":{"name":"(anonymous_2)","decl":{"start":{"line":9,"column":4},"end":{"line":9,"column":5}},"loc":{"start":{"line":9,"column":17},"end":{"line":10,"column":5}},"line":9},"3":{"name":"(anonymous_3)","decl":{"start":{"line":11,"column":4},"end":{"line":11,"column":5}},"loc":{"start":{"line":11,"column":18},"end":{"line":12,"column":5}},"line":11},"4":{"name":"(anonymous_4)","decl":{"start":{"line":13,"column":4},"end":{"line":13,"column":5}},"loc":{"start":{"line":13,"column":21},"end":{"line":14,"column":5}},"line":13}},"branchMap":{},"s":{"0":1,"1":1,"2":1},"f":{"0":1,"1":1,"2":1,"3":1,"4":1},"b":{},"inputSourceMap":{"version":3,"file":"AppProvider.js","sourceRoot":"","sources":["AppProvider.ts"],"names":[],"mappings":";;AAEA,MAAqB,WAAW;IAC9B,YAAuB,GAAwB;QAAxB,QAAG,GAAH,GAAG,CAAqB;IAC/C,CAAC;IAEM,QAAQ;IAEf,CAAC;IAEM,KAAK,CAAC,IAAI;IAEjB,CAAC;IAEM,KAAK,CAAC,KAAK;IAElB,CAAC;IAEM,KAAK,CAAC,QAAQ;IAErB,CAAC;CACF;AAnBD,8BAmBC","sourcesContent":["import type { ApplicationContract } from '@ioc:Adonis/Core/Application'\n\nexport default class AppProvider {\n  constructor (protected app: ApplicationContract) {\n  }\n\n  public register () {\n    // Register your own bindings\n  }\n\n  public async boot () {\n    // IoC container is ready\n  }\n\n  public async ready () {\n    // App is ready\n  }\n\n  public async shutdown () {\n    // Cleanup, since app is going down\n  }\n}\n"]},"_coverageSchema":"1a1c01bbd47fc00a2c39e90264f33305004495a9","hash":"d5c4819a0e5f8b2a0dbb193e6b78c9e0c98c06e8","contentHash":"c1e384bb07a80c6466cd03fafa9f5bff45602044bc4524e075b50c2d5eade69a"},"C:\\Users\\user\\Documents\\bootcampJS\\final_project\\start\\routes.ts":{"path":"C:\\Users\\user\\Documents\\bootcampJS\\final_project\\start\\routes.ts","statementMap":{"0":{"start":{"line":2,"column":22},"end":{"line":4,"column":1}},"1":{"start":{"line":3,"column":4},"end":{"line":3,"column":62}},"2":{"start":{"line":5,"column":0},"end":{"line":5,"column":62}},"3":{"start":{"line":6,"column":16},"end":{"line":6,"column":83}},"4":{"start":{"line":7,"column":0},"end":{"line":9,"column":3}},"5":{"start":{"line":8,"column":4},"end":{"line":8,"column":30}},"6":{"start":{"line":10,"column":0},"end":{"line":30,"column":21}},"7":{"start":{"line":11,"column":4},"end":{"line":17,"column":23}},"8":{"start":{"line":12,"column":8},"end":{"line":12,"column":66}},"9":{"start":{"line":13,"column":8},"end":{"line":13,"column":64}},"10":{"start":{"line":14,"column":8},"end":{"line":14,"column":65}},"11":{"start":{"line":15,"column":8},"end":{"line":15,"column":69}},"12":{"start":{"line":16,"column":8},"end":{"line":16,"column":72}},"13":{"start":{"line":18,"column":4},"end":{"line":25,"column":28}},"14":{"start":{"line":19,"column":8},"end":{"line":19,"column":70}},"15":{"start":{"line":20,"column":8},"end":{"line":20,"column":73}},"16":{"start":{"line":21,"column":8},"end":{"line":21,"column":84}},"17":{"start":{"line":22,"column":8},"end":{"line":22,"column":81}},"18":{"start":{"line":23,"column":8},"end":{"line":23,"column":85}},"19":{"start":{"line":24,"column":8},"end":{"line":24,"column":81}},"20":{"start":{"line":26,"column":4},"end":{"line":29,"column":23}},"21":{"start":{"line":27,"column":8},"end":{"line":27,"column":69}},"22":{"start":{"line":28,"column":8},"end":{"line":28,"column":73}}},"fnMap":{"0":{"name":"(anonymous_0)","decl":{"start":{"line":2,"column":56},"end":{"line":2,"column":57}},"loc":{"start":{"line":2,"column":71},"end":{"line":4,"column":1}},"line":2},"1":{"name":"(anonymous_1)","decl":{"start":{"line":7,"column":25},"end":{"line":7,"column":26}},"loc":{"start":{"line":7,"column":37},"end":{"line":9,"column":1}},"line":7},"2":{"name":"(anonymous_2)","decl":{"start":{"line":10,"column":22},"end":{"line":10,"column":23}},"loc":{"start":{"line":10,"column":28},"end":{"line":30,"column":1}},"line":10},"3":{"name":"(anonymous_3)","decl":{"start":{"line":11,"column":26},"end":{"line":11,"column":27}},"loc":{"start":{"line":11,"column":32},"end":{"line":17,"column":5}},"line":11},"4":{"name":"(anonymous_4)","decl":{"start":{"line":18,"column":26},"end":{"line":18,"column":27}},"loc":{"start":{"line":18,"column":32},"end":{"line":25,"column":5}},"line":18},"5":{"name":"(anonymous_5)","decl":{"start":{"line":26,"column":26},"end":{"line":26,"column":27}},"loc":{"start":{"line":26,"column":32},"end":{"line":29,"column":5}},"line":26}},"branchMap":{"0":{"loc":{"start":{"line":2,"column":22},"end":{"line":4,"column":1}},"type":"binary-expr","locations":[{"start":{"line":2,"column":23},"end":{"line":2,"column":27}},{"start":{"line":2,"column":31},"end":{"line":2,"column":51}},{"start":{"line":2,"column":56},"end":{"line":4,"column":1}}],"line":2},"1":{"loc":{"start":{"line":3,"column":11},"end":{"line":3,"column":61}},"type":"cond-expr","locations":[{"start":{"line":3,"column":37},"end":{"line":3,"column":40}},{"start":{"line":3,"column":43},"end":{"line":3,"column":61}}],"line":3},"2":{"loc":{"start":{"line":3,"column":12},"end":{"line":3,"column":33}},"type":"binary-expr","locations":[{"start":{"line":3,"column":12},"end":{"line":3,"column":15}},{"start":{"line":3,"column":19},"end":{"line":3,"column":33}}],"line":3}},"s":{"0":1,"1":1,"2":1,"3":1,"4":1,"5":1,"6":1,"7":1,"8":1,"9":1,"10":1,"11":1,"12":1,"13":1,"14":1,"15":1,"16":1,"17":1,"18":1,"19":1,"20":1,"21":1,"22":1},"f":{"0":1,"1":1,"2":1,"3":1,"4":1,"5":1},"b":{"0":[1,1,1],"1":[0,1],"2":[1,1]},"inputSourceMap":{"version":3,"file":"routes.js","sourceRoot":"","sources":["routes.ts"],"names":[],"mappings":";;;;;AAoBA,oFAA2C;AAE3C,eAAK,CAAC,GAAG,CAAC,GAAG,EAAE,KAAK,IAAI,EAAE;IACxB,OAAO,EAAE,KAAK,EAAE,OAAO,EAAE,CAAC;AAC5B,CAAC,CAAC,CAAC;AAEH,eAAK,CAAC,KAAK,CAAC,GAAG,EAAE;IACf,eAAK,CAAC,KAAK,CAAC,GAAG,EAAE;QACf,eAAK,CAAC,IAAI,CAAC,SAAS,EAAE,wBAAwB,CAAC,CAAC;QAChD,eAAK,CAAC,IAAI,CAAC,QAAQ,EAAE,uBAAuB,CAAC,CAAC;QAC9C,eAAK,CAAC,GAAG,CAAC,WAAW,EAAE,sBAAsB,CAAC,CAAC;QAC/C,eAAK,CAAC,GAAG,CAAC,aAAa,EAAE,wBAAwB,CAAC,CAAC;QACnD,eAAK,CAAC,GAAG,CAAC,cAAc,EAAE,0BAA0B,CAAC,CAAC;IACxD,CAAC,CAAC,CAAC,MAAM,CAAC,OAAO,CAAC,CAAC;IACnB,eAAK,CAAC,KAAK,CAAC,GAAG,EAAE;QACf,eAAK,CAAC,IAAI,CAAC,SAAS,EAAE,4BAA4B,CAAC,CAAC;QACpD,eAAK,CAAC,GAAG,CAAC,eAAe,EAAE,0BAA0B,CAAC,CAAC;QACvD,eAAK,CAAC,MAAM,CAAC,qBAAqB,EAAE,4BAA4B,CAAC,CAAC;QAClE,eAAK,CAAC,GAAG,CAAC,qBAAqB,EAAE,4BAA4B,CAAC,CAAC;QAC/D,eAAK,CAAC,GAAG,CAAC,mBAAmB,EAAE,kCAAkC,CAAC,CAAC;QACnE,eAAK,CAAC,GAAG,CAAC,iBAAiB,EAAE,gCAAgC,CAAC,CAAC;IACjE,CAAC,CAAC,CAAC,MAAM,CAAC,YAAY,CAAC,CAAC;IACxB,eAAK,CAAC,KAAK,CAAC,GAAG,EAAE;QACf,eAAK,CAAC,GAAG,CAAC,eAAe,EAAE,sBAAsB,CAAC,CAAC;QACnD,eAAK,CAAC,IAAI,CAAC,gBAAgB,EAAE,wBAAwB,CAAC,CAAC;IACzD,CAAC,CAAC,CAAC,MAAM,CAAC,OAAO,CAAC,CAAC;AACrB,CAAC,CAAC,CAAC,MAAM,CAAC,SAAS,CAAC,CAAC","sourcesContent":["/*\n|--------------------------------------------------------------------------\n| Routes\n|--------------------------------------------------------------------------\n|\n| This file is dedicated for defining HTTP routes. A single file is enough\n| for majority of projects, however you can define routes in different\n| files and just make sure to import them inside this file. For example\n|\n| Define routes in following two files\n| ├── start/routes/cart.ts\n| ├── start/routes/customer.ts\n|\n| and then import them inside `start/routes.ts` as follows\n|\n| import './routes/cart'\n| import './routes/customer'\n|\n*/\n\nimport Route from \"@ioc:Adonis/Core/Route\";\n\nRoute.get(\"/\", async () => {\n  return { hello: \"world\" };\n});\n\nRoute.group(() => {\n  Route.group(() => {\n    Route.post(\"/create\", \"UsersController.create\");\n    Route.post(\"/login\", \"UsersController.login\");\n    Route.get(\"/getUsers\", \"UsersController.show\");\n    Route.put(\"/update/:id\", \"UsersController.update\");\n    Route.get(\"/getUser/:id\", \"UsersController.showUser\");\n  }).prefix(\"/user\");\n  Route.group(() => {\n    Route.post(\"/create\", \"QuestionsController.create\");\n    Route.get(\"/getQuestions\", \"QuestionsController.show\");\n    Route.delete(\"/deleteQuestion/:id\", \"QuestionsController.delete\");\n    Route.put(\"/updateQuestion/:id\", \"QuestionsController.update\");\n    Route.put(\"/updateAnswer/:id\", \"QuestionsController.updateAnswer\");\n    Route.get(\"/getOptions/:id\", \"QuestionsController.getOptions\");\n  }).prefix(\"/questions\");\n  Route.group(() => {\n    Route.get(\"/getquestions\", \"FormsController.show\");\n    Route.post(\"/postquestions\", \"FormsController.create\");\n  }).prefix(\"/form\");\n}).prefix(\"/api/v1\");\n"]},"_coverageSchema":"1a1c01bbd47fc00a2c39e90264f33305004495a9","hash":"281bebea7daf0f06e2ca68b22b6c9b07bd2fb624","contentHash":"74fc64274c04b5822420a951111ddc474d9ffbd483e2aa8c9df211d3cebae428"},"C:\\Users\\user\\Documents\\bootcampJS\\final_project\\start\\kernel.ts":{"path":"C:\\Users\\user\\Documents\\bootcampJS\\final_project\\start\\kernel.ts","statementMap":{"0":{"start":{"line":2,"column":22},"end":{"line":12,"column":3}},"1":{"start":{"line":3,"column":4},"end":{"line":3,"column":33}},"2":{"start":{"line":3,"column":26},"end":{"line":3,"column":33}},"3":{"start":{"line":4,"column":15},"end":{"line":4,"column":52}},"4":{"start":{"line":5,"column":4},"end":{"line":7,"column":5}},"5":{"start":{"line":6,"column":6},"end":{"line":6,"column":68}},"6":{"start":{"line":6,"column":51},"end":{"line":6,"column":63}},"7":{"start":{"line":8,"column":4},"end":{"line":8,"column":39}},"8":{"start":{"line":10,"column":4},"end":{"line":10,"column":33}},"9":{"start":{"line":10,"column":26},"end":{"line":10,"column":33}},"10":{"start":{"line":11,"column":4},"end":{"line":11,"column":17}},"11":{"start":{"line":13,"column":25},"end":{"line":17,"column":2}},"12":{"start":{"line":14,"column":4},"end":{"line":14,"column":72}},"13":{"start":{"line":16,"column":4},"end":{"line":16,"column":21}},"14":{"start":{"line":18,"column":19},"end":{"line":24,"column":1}},"15":{"start":{"line":19,"column":4},"end":{"line":19,"column":42}},"16":{"start":{"line":19,"column":31},"end":{"line":19,"column":42}},"17":{"start":{"line":20,"column":17},"end":{"line":20,"column":19}},"18":{"start":{"line":21,"column":4},"end":{"line":21,"column":141}},"19":{"start":{"line":21,"column":21},"end":{"line":21,"column":141}},"20":{"start":{"line":21,"column":40},"end":{"line":21,"column":141}},"21":{"start":{"line":21,"column":109},"end":{"line":21,"column":141}},"22":{"start":{"line":22,"column":4},"end":{"line":22,"column":36}},"23":{"start":{"line":23,"column":4},"end":{"line":23,"column":18}},"24":{"start":{"line":25,"column":22},"end":{"line":27,"column":1}},"25":{"start":{"line":26,"column":4},"end":{"line":26,"column":62}},"26":{"start":{"line":28,"column":0},"end":{"line":28,"column":62}},"27":{"start":{"line":29,"column":17},"end":{"line":29,"column":85}},"28":{"start":{"line":30,"column":0},"end":{"line":32,"column":3}},"29":{"start":{"line":31,"column":10},"end":{"line":31,"column":109}},"30":{"start":{"line":31,"column":39},"end":{"line":31,"column":108}},"31":{"start":{"line":33,"column":0},"end":{"line":33,"column":46}}},"fnMap":{"0":{"name":"(anonymous_0)","decl":{"start":{"line":2,"column":74},"end":{"line":2,"column":75}},"loc":{"start":{"line":2,"column":96},"end":{"line":9,"column":1}},"line":2},"1":{"name":"(anonymous_1)","decl":{"start":{"line":6,"column":38},"end":{"line":6,"column":39}},"loc":{"start":{"line":6,"column":49},"end":{"line":6,"column":65}},"line":6},"2":{"name":"(anonymous_2)","decl":{"start":{"line":9,"column":6},"end":{"line":9,"column":7}},"loc":{"start":{"line":9,"column":28},"end":{"line":12,"column":1}},"line":9},"3":{"name":"(anonymous_3)","decl":{"start":{"line":13,"column":80},"end":{"line":13,"column":81}},"loc":{"start":{"line":13,"column":95},"end":{"line":15,"column":1}},"line":13},"4":{"name":"(anonymous_4)","decl":{"start":{"line":15,"column":5},"end":{"line":15,"column":6}},"loc":{"start":{"line":15,"column":20},"end":{"line":17,"column":1}},"line":15},"5":{"name":"(anonymous_5)","decl":{"start":{"line":18,"column":50},"end":{"line":18,"column":51}},"loc":{"start":{"line":18,"column":65},"end":{"line":24,"column":1}},"line":18},"6":{"name":"(anonymous_6)","decl":{"start":{"line":25,"column":56},"end":{"line":25,"column":57}},"loc":{"start":{"line":25,"column":71},"end":{"line":27,"column":1}},"line":25},"7":{"name":"(anonymous_7)","decl":{"start":{"line":31,"column":4},"end":{"line":31,"column":5}},"loc":{"start":{"line":31,"column":10},"end":{"line":31,"column":109}},"line":31},"8":{"name":"(anonymous_8)","decl":{"start":{"line":31,"column":33},"end":{"line":31,"column":34}},"loc":{"start":{"line":31,"column":39},"end":{"line":31,"column":108}},"line":31}},"branchMap":{"0":{"loc":{"start":{"line":2,"column":22},"end":{"line":12,"column":3}},"type":"binary-expr","locations":[{"start":{"line":2,"column":23},"end":{"line":2,"column":27}},{"start":{"line":2,"column":31},"end":{"line":2,"column":51}},{"start":{"line":2,"column":57},"end":{"line":12,"column":2}}],"line":2},"1":{"loc":{"start":{"line":2,"column":57},"end":{"line":12,"column":2}},"type":"cond-expr","locations":[{"start":{"line":2,"column":74},"end":{"line":9,"column":1}},{"start":{"line":9,"column":6},"end":{"line":12,"column":1}}],"line":2},"2":{"loc":{"start":{"line":3,"column":4},"end":{"line":3,"column":33}},"type":"if","locations":[{"start":{"line":3,"column":4},"end":{"line":3,"column":33}},{"start":{"line":3,"column":4},"end":{"line":3,"column":33}}],"line":3},"3":{"loc":{"start":{"line":5,"column":4},"end":{"line":7,"column":5}},"type":"if","locations":[{"start":{"line":5,"column":4},"end":{"line":7,"column":5}},{"start":{"line":5,"column":4},"end":{"line":7,"column":5}}],"line":5},"4":{"loc":{"start":{"line":5,"column":8},"end":{"line":5,"column":85}},"type":"binary-expr","locations":[{"start":{"line":5,"column":8},"end":{"line":5,"column":13}},{"start":{"line":5,"column":18},"end":{"line":5,"column":84}}],"line":5},"5":{"loc":{"start":{"line":5,"column":18},"end":{"line":5,"column":84}},"type":"cond-expr","locations":[{"start":{"line":5,"column":34},"end":{"line":5,"column":47}},{"start":{"line":5,"column":50},"end":{"line":5,"column":84}}],"line":5},"6":{"loc":{"start":{"line":5,"column":50},"end":{"line":5,"column":84}},"type":"binary-expr","locations":[{"start":{"line":5,"column":50},"end":{"line":5,"column":63}},{"start":{"line":5,"column":67},"end":{"line":5,"column":84}}],"line":5},"7":{"loc":{"start":{"line":10,"column":4},"end":{"line":10,"column":33}},"type":"if","locations":[{"start":{"line":10,"column":4},"end":{"line":10,"column":33}},{"start":{"line":10,"column":4},"end":{"line":10,"column":33}}],"line":10},"8":{"loc":{"start":{"line":13,"column":25},"end":{"line":17,"column":2}},"type":"binary-expr","locations":[{"start":{"line":13,"column":26},"end":{"line":13,"column":30}},{"start":{"line":13,"column":34},"end":{"line":13,"column":57}},{"start":{"line":13,"column":63},"end":{"line":17,"column":1}}],"line":13},"9":{"loc":{"start":{"line":13,"column":63},"end":{"line":17,"column":1}},"type":"cond-expr","locations":[{"start":{"line":13,"column":80},"end":{"line":15,"column":1}},{"start":{"line":15,"column":5},"end":{"line":17,"column":1}}],"line":13},"10":{"loc":{"start":{"line":18,"column":19},"end":{"line":24,"column":1}},"type":"binary-expr","locations":[{"start":{"line":18,"column":20},"end":{"line":18,"column":24}},{"start":{"line":18,"column":28},"end":{"line":18,"column":45}},{"start":{"line":18,"column":50},"end":{"line":24,"column":1}}],"line":18},"11":{"loc":{"start":{"line":19,"column":4},"end":{"line":19,"column":42}},"type":"if","locations":[{"start":{"line":19,"column":4},"end":{"line":19,"column":42}},{"start":{"line":19,"column":4},"end":{"line":19,"column":42}}],"line":19},"12":{"loc":{"start":{"line":19,"column":8},"end":{"line":19,"column":29}},"type":"binary-expr","locations":[{"start":{"line":19,"column":8},"end":{"line":19,"column":11}},{"start":{"line":19,"column":15},"end":{"line":19,"column":29}}],"line":19},"13":{"loc":{"start":{"line":21,"column":4},"end":{"line":21,"column":141}},"type":"if","locations":[{"start":{"line":21,"column":4},"end":{"line":21,"column":141}},{"start":{"line":21,"column":4},"end":{"line":21,"column":141}}],"line":21},"14":{"loc":{"start":{"line":21,"column":40},"end":{"line":21,"column":141}},"type":"if","locations":[{"start":{"line":21,"column":40},"end":{"line":21,"column":141}},{"start":{"line":21,"column":40},"end":{"line":21,"column":141}}],"line":21},"15":{"loc":{"start":{"line":21,"column":44},"end":{"line":21,"column":107}},"type":"binary-expr","locations":[{"start":{"line":21,"column":44},"end":{"line":21,"column":59}},{"start":{"line":21,"column":63},"end":{"line":21,"column":107}}],"line":21},"16":{"loc":{"start":{"line":25,"column":22},"end":{"line":27,"column":1}},"type":"binary-expr","locations":[{"start":{"line":25,"column":23},"end":{"line":25,"column":27}},{"start":{"line":25,"column":31},"end":{"line":25,"column":51}},{"start":{"line":25,"column":56},"end":{"line":27,"column":1}}],"line":25},"17":{"loc":{"start":{"line":26,"column":11},"end":{"line":26,"column":61}},"type":"cond-expr","locations":[{"start":{"line":26,"column":37},"end":{"line":26,"column":40}},{"start":{"line":26,"column":43},"end":{"line":26,"column":61}}],"line":26},"18":{"loc":{"start":{"line":26,"column":12},"end":{"line":26,"column":33}},"type":"binary-expr","locations":[{"start":{"line":26,"column":12},"end":{"line":26,"column":15}},{"start":{"line":26,"column":19},"end":{"line":26,"column":33}}],"line":26}},"s":{"0":1,"1":0,"2":0,"3":0,"4":0,"5":0,"6":0,"7":0,"8":0,"9":0,"10":0,"11":1,"12":14,"13":0,"14":1,"15":14,"16":0,"17":14,"18":14,"19":14,"20":0,"21":0,"22":14,"23":14,"24":1,"25":1,"26":1,"27":1,"28":1,"29":14,"30":14,"31":1},"f":{"0":0,"1":0,"2":0,"3":14,"4":0,"5":14,"6":1,"7":14,"8":14},"b":{"0":[1,1,1],"1":[1,0],"2":[0,0],"3":[0,0],"4":[0,0],"5":[0,0],"6":[0,0],"7":[0,0],"8":[1,1,1],"9":[1,0],"10":[1,1,1],"11":[0,14],"12":[14,14],"13":[14,0],"14":[0,0],"15":[0,0],"16":[1,1,1],"17":[0,1],"18":[1,1]},"inputSourceMap":{"version":3,"file":"kernel.js","sourceRoot":"","sources":["kernel.ts"],"names":[],"mappings":";;;;;;;;;;;;;;;;;;;;;;;;;;;;AAWA,sFAA4C;AAW5C,gBAAM,CAAC,UAAU,CAAC,QAAQ,CAAC;IACzB,GAAG,EAAE,oGAAsC;CAC5C,CAAC,CAAA;AAkBF,gBAAM,CAAC,UAAU,CAAC,aAAa,CAAC,EAC/B,CAAC,CAAA","sourcesContent":["/*\n|--------------------------------------------------------------------------\n| Application middleware\n|--------------------------------------------------------------------------\n|\n| This file is used to define middleware for HTTP requests. You can register\n| middleware as a `closure` or an IoC container binding. The bindings are\n| preferred, since they keep this file clean.\n|\n*/\n\nimport Server from '@ioc:Adonis/Core/Server'\n\n/*\n|--------------------------------------------------------------------------\n| Global middleware\n|--------------------------------------------------------------------------\n|\n| An array of global middleware, that will be executed in the order they\n| are defined for every HTTP requests.\n|\n*/\nServer.middleware.register([\n  () => import('@ioc:Adonis/Core/BodyParser'),\n])\n\n/*\n|--------------------------------------------------------------------------\n| Named middleware\n|--------------------------------------------------------------------------\n|\n| Named middleware are defined as key-value pair. The value is the namespace\n| or middleware function and key is the alias. Later you can use these\n| alias on individual routes. For example:\n|\n| { auth: () => import('App/Middleware/Auth') }\n|\n| and then use it as follows\n|\n| Route.get('dashboard', 'UserController.dashboard').middleware('auth')\n|\n*/\nServer.middleware.registerNamed({\n})\n"]},"_coverageSchema":"1a1c01bbd47fc00a2c39e90264f33305004495a9","hash":"e0706bd02eca9c470fe53296fcf987e971c09b8f","contentHash":"55beee8d26012d4d359a476256b53e6f553a2f91e2acc4cc3662c6bea5953eed"},"C:\\Users\\user\\Documents\\bootcampJS\\final_project\\app\\Controllers\\Http\\QuestionsController.ts":{"path":"C:\\Users\\user\\Documents\\bootcampJS\\final_project\\app\\Controllers\\Http\\QuestionsController.ts","statementMap":{"0":{"start":{"line":2,"column":22},"end":{"line":4,"column":1}},"1":{"start":{"line":3,"column":4},"end":{"line":3,"column":62}},"2":{"start":{"line":5,"column":0},"end":{"line":5,"column":62}},"3":{"start":{"line":6,"column":17},"end":{"line":6,"column":84}},"4":{"start":{"line":7,"column":19},"end":{"line":7,"column":88}},"5":{"start":{"line":11,"column":38},"end":{"line":11,"column":51}},"6":{"start":{"line":12,"column":30},"end":{"line":12,"column":54}},"7":{"start":{"line":13,"column":8},"end":{"line":13,"column":42}},"8":{"start":{"line":14,"column":8},"end":{"line":14,"column":35}},"9":{"start":{"line":15,"column":8},"end":{"line":36,"column":9}},"10":{"start":{"line":16,"column":12},"end":{"line":16,"column":39}},"11":{"start":{"line":17,"column":31},"end":{"line":17,"column":65}},"12":{"start":{"line":18,"column":12},"end":{"line":18,"column":33}},"13":{"start":{"line":19,"column":12},"end":{"line":27,"column":15}},"14":{"start":{"line":20,"column":29},"end":{"line":20,"column":51}},"15":{"start":{"line":21,"column":16},"end":{"line":21,"column":47}},"16":{"start":{"line":22,"column":16},"end":{"line":22,"column":50}},"17":{"start":{"line":23,"column":16},"end":{"line":23,"column":56}},"18":{"start":{"line":24,"column":16},"end":{"line":24,"column":36}},"19":{"start":{"line":25,"column":16},"end":{"line":25,"column":36}},"20":{"start":{"line":26,"column":16},"end":{"line":26,"column":30}},"21":{"start":{"line":28,"column":12},"end":{"line":30,"column":80}},"22":{"start":{"line":33,"column":12},"end":{"line":35,"column":79}},"23":{"start":{"line":39,"column":8},"end":{"line":47,"column":9}},"24":{"start":{"line":40,"column":34},"end":{"line":40,"column":64}},"25":{"start":{"line":41,"column":12},"end":{"line":41,"column":81}},"26":{"start":{"line":44,"column":12},"end":{"line":46,"column":82}},"27":{"start":{"line":50,"column":19},"end":{"line":50,"column":38}},"28":{"start":{"line":51,"column":8},"end":{"line":69,"column":9}},"29":{"start":{"line":52,"column":29},"end":{"line":52,"column":62}},"30":{"start":{"line":53,"column":12},"end":{"line":63,"column":13}},"31":{"start":{"line":54,"column":16},"end":{"line":54,"column":40}},"32":{"start":{"line":55,"column":16},"end":{"line":57,"column":84}},"33":{"start":{"line":60,"column":16},"end":{"line":62,"column":86}},"34":{"start":{"line":66,"column":12},"end":{"line":68,"column":82}},"35":{"start":{"line":72,"column":19},"end":{"line":72,"column":38}},"36":{"start":{"line":73,"column":28},"end":{"line":73,"column":53}},"37":{"start":{"line":74,"column":8},"end":{"line":93,"column":9}},"38":{"start":{"line":75,"column":37},"end":{"line":75,"column":70}},"39":{"start":{"line":76,"column":12},"end":{"line":87,"column":13}},"40":{"start":{"line":77,"column":16},"end":{"line":77,"column":56}},"41":{"start":{"line":78,"column":16},"end":{"line":78,"column":40}},"42":{"start":{"line":79,"column":16},"end":{"line":81,"column":82}},"43":{"start":{"line":84,"column":16},"end":{"line":86,"column":84}},"44":{"start":{"line":90,"column":12},"end":{"line":92,"column":80}},"45":{"start":{"line":96,"column":19},"end":{"line":96,"column":38}},"46":{"start":{"line":97,"column":26},"end":{"line":97,"column":49}},"47":{"start":{"line":98,"column":25},"end":{"line":98,"column":51}},"48":{"start":{"line":99,"column":8},"end":{"line":120,"column":9}},"49":{"start":{"line":100,"column":35},"end":{"line":100,"column":66}},"50":{"start":{"line":101,"column":12},"end":{"line":101,"column":40}},"51":{"start":{"line":102,"column":12},"end":{"line":114,"column":13}},"52":{"start":{"line":103,"column":16},"end":{"line":103,"column":50}},"53":{"start":{"line":104,"column":16},"end":{"line":104,"column":52}},"54":{"start":{"line":105,"column":16},"end":{"line":105,"column":38}},"55":{"start":{"line":106,"column":16},"end":{"line":108,"column":80}},"56":{"start":{"line":111,"column":16},"end":{"line":113,"column":82}},"57":{"start":{"line":117,"column":12},"end":{"line":119,"column":78}},"58":{"start":{"line":123,"column":19},"end":{"line":123,"column":38}},"59":{"start":{"line":124,"column":8},"end":{"line":137,"column":9}},"60":{"start":{"line":125,"column":30},"end":{"line":125,"column":85}},"61":{"start":{"line":126,"column":12},"end":{"line":130,"column":15}},"62":{"start":{"line":133,"column":12},"end":{"line":136,"column":15}},"63":{"start":{"line":141,"column":33},"end":{"line":141,"column":86}},"64":{"start":{"line":142,"column":8},"end":{"line":144,"column":9}},"65":{"start":{"line":143,"column":12},"end":{"line":143,"column":51}},"66":{"start":{"line":147,"column":0},"end":{"line":147,"column":38}}},"fnMap":{"0":{"name":"(anonymous_0)","decl":{"start":{"line":2,"column":56},"end":{"line":2,"column":57}},"loc":{"start":{"line":2,"column":71},"end":{"line":4,"column":1}},"line":2},"1":{"name":"(anonymous_1)","decl":{"start":{"line":9,"column":4},"end":{"line":9,"column":5}},"loc":{"start":{"line":9,"column":20},"end":{"line":9,"column":23}},"line":9},"2":{"name":"(anonymous_2)","decl":{"start":{"line":10,"column":4},"end":{"line":10,"column":5}},"loc":{"start":{"line":10,"column":40},"end":{"line":37,"column":5}},"line":10},"3":{"name":"(anonymous_3)","decl":{"start":{"line":19,"column":28},"end":{"line":19,"column":29}},"loc":{"start":{"line":19,"column":41},"end":{"line":27,"column":13}},"line":19},"4":{"name":"(anonymous_4)","decl":{"start":{"line":38,"column":4},"end":{"line":38,"column":5}},"loc":{"start":{"line":38,"column":38},"end":{"line":48,"column":5}},"line":38},"5":{"name":"(anonymous_5)","decl":{"start":{"line":49,"column":4},"end":{"line":49,"column":5}},"loc":{"start":{"line":49,"column":40},"end":{"line":70,"column":5}},"line":49},"6":{"name":"(anonymous_6)","decl":{"start":{"line":71,"column":4},"end":{"line":71,"column":5}},"loc":{"start":{"line":71,"column":40},"end":{"line":94,"column":5}},"line":71},"7":{"name":"(anonymous_7)","decl":{"start":{"line":95,"column":4},"end":{"line":95,"column":5}},"loc":{"start":{"line":95,"column":46},"end":{"line":121,"column":5}},"line":95},"8":{"name":"(anonymous_8)","decl":{"start":{"line":122,"column":4},"end":{"line":122,"column":5}},"loc":{"start":{"line":122,"column":44},"end":{"line":138,"column":5}},"line":122},"9":{"name":"(anonymous_9)","decl":{"start":{"line":139,"column":4},"end":{"line":139,"column":5}},"loc":{"start":{"line":139,"column":19},"end":{"line":139,"column":22}},"line":139},"10":{"name":"(anonymous_10)","decl":{"start":{"line":140,"column":4},"end":{"line":140,"column":5}},"loc":{"start":{"line":140,"column":34},"end":{"line":145,"column":5}},"line":140}},"branchMap":{"0":{"loc":{"start":{"line":2,"column":22},"end":{"line":4,"column":1}},"type":"binary-expr","locations":[{"start":{"line":2,"column":23},"end":{"line":2,"column":27}},{"start":{"line":2,"column":31},"end":{"line":2,"column":51}},{"start":{"line":2,"column":56},"end":{"line":4,"column":1}}],"line":2},"1":{"loc":{"start":{"line":3,"column":11},"end":{"line":3,"column":61}},"type":"cond-expr","locations":[{"start":{"line":3,"column":37},"end":{"line":3,"column":40}},{"start":{"line":3,"column":43},"end":{"line":3,"column":61}}],"line":3},"2":{"loc":{"start":{"line":3,"column":12},"end":{"line":3,"column":33}},"type":"binary-expr","locations":[{"start":{"line":3,"column":12},"end":{"line":3,"column":15}},{"start":{"line":3,"column":19},"end":{"line":3,"column":33}}],"line":3},"3":{"loc":{"start":{"line":53,"column":12},"end":{"line":63,"column":13}},"type":"if","locations":[{"start":{"line":53,"column":12},"end":{"line":63,"column":13}},{"start":{"line":53,"column":12},"end":{"line":63,"column":13}}],"line":53},"4":{"loc":{"start":{"line":76,"column":12},"end":{"line":87,"column":13}},"type":"if","locations":[{"start":{"line":76,"column":12},"end":{"line":87,"column":13}},{"start":{"line":76,"column":12},"end":{"line":87,"column":13}}],"line":76},"5":{"loc":{"start":{"line":102,"column":12},"end":{"line":114,"column":13}},"type":"if","locations":[{"start":{"line":102,"column":12},"end":{"line":114,"column":13}},{"start":{"line":102,"column":12},"end":{"line":114,"column":13}}],"line":102},"6":{"loc":{"start":{"line":142,"column":8},"end":{"line":144,"column":9}},"type":"if","locations":[{"start":{"line":142,"column":8},"end":{"line":144,"column":9}},{"start":{"line":142,"column":8},"end":{"line":144,"column":9}}],"line":142}},"s":{"0":1,"1":2,"2":1,"3":1,"4":1,"5":1,"6":1,"7":1,"8":1,"9":1,"10":1,"11":1,"12":1,"13":1,"14":4,"15":4,"16":4,"17":4,"18":4,"19":4,"20":4,"21":1,"22":0,"23":1,"24":1,"25":1,"26":0,"27":1,"28":1,"29":1,"30":1,"31":1,"32":1,"33":0,"34":0,"35":2,"36":2,"37":2,"38":2,"39":2,"40":2,"41":2,"42":2,"43":0,"44":0,"45":0,"46":0,"47":0,"48":0,"49":0,"50":0,"51":0,"52":0,"53":0,"54":0,"55":0,"56":0,"57":0,"58":1,"59":1,"60":1,"61":1,"62":0,"63":1,"64":1,"65":1,"66":1},"f":{"0":2,"1":0,"2":1,"3":4,"4":1,"5":1,"6":2,"7":0,"8":1,"9":0,"10":1},"b":{"0":[1,1,1],"1":[2,0],"2":[2,2],"3":[1,0],"4":[2,0],"5":[0,0],"6":[1,0]},"inputSourceMap":{"version":3,"file":"QuestionsController.js","sourceRoot":"","sources":["QuestionsController.ts"],"names":[],"mappings":";;;;;AACA,qFAAuC;AACvC,yFAA2C;AAE3C,MAAqB,mBAAmB;IAC/B,KAAK,CAAC,KAAK,CAAC,EAAuB,IAAG,CAAC;IAEvC,KAAK,CAAC,MAAM,CAAC,EAAE,OAAO,EAAE,QAAQ,EAAuB;QAC5D,MAAM,EAAE,QAAQ,EAAE,OAAO,EAAE,GAAG,OAAO,CAAC,GAAG,EAAE,CAAC;QAC5C,MAAM,aAAa,GAAG,IAAI,kBAAQ,EAAE,CAAC;QACrC,aAAa,CAAC,QAAQ,GAAG,QAAQ,CAAC;QAClC,aAAa,CAAC,KAAK,GAAG,IAAI,CAAC;QAE3B,IAAI;YACF,MAAM,aAAa,CAAC,IAAI,EAAE,CAAC;YAE3B,MAAM,UAAU,GAAG,MAAM,IAAI,CAAC,aAAa,CAAC,QAAQ,CAAC,CAAC;YAEtD,OAAO,CAAC,GAAG,CAAC,OAAO,CAAC,CAAC;YAErB,OAAO,CAAC,OAAO,CAAC,CAAC,OAAO,EAAE,EAAE;gBAC1B,IAAI,MAAM,GAAG,IAAI,gBAAM,EAAE,CAAC;gBAC1B,MAAM,CAAC,UAAU,GAAG,UAAU,CAAC;gBAC/B,MAAM,CAAC,MAAM,GAAG,OAAO,CAAC,QAAQ,CAAC,CAAC;gBAClC,MAAM,CAAC,SAAS,GAAG,OAAO,CAAC,WAAW,CAAC,CAAC;gBACxC,MAAM,CAAC,KAAK,GAAG,IAAI,CAAC;gBACpB,OAAO,CAAC,GAAG,CAAC,MAAM,CAAC,CAAC;gBACpB,MAAM,CAAC,IAAI,EAAE,CAAC;YAChB,CAAC,CAAC,CAAC;YAEH,QAAQ;iBACL,MAAM,CAAC,GAAG,CAAC;iBACX,IAAI,CAAC,EAAE,KAAK,EAAE,IAAI,EAAE,OAAO,EAAE,8BAA8B,EAAE,CAAC,CAAC;SACnE;QAAC,OAAO,KAAK,EAAE;YACd,QAAQ;iBACL,MAAM,CAAC,GAAG,CAAC;iBACX,IAAI,CAAC,EAAE,KAAK,EAAE,KAAK,EAAE,OAAO,EAAE,4BAA4B,EAAE,CAAC,CAAC;SAClE;IACH,CAAC;IAEM,KAAK,CAAC,IAAI,CAAC,EAAE,OAAO,EAAE,QAAQ,EAAuB;QAC1D,IAAI;YACF,MAAM,aAAa,GAAG,MAAM,kBAAQ,CAAC,GAAG,EAAE,CAAC;YAC3C,QAAQ,CAAC,MAAM,CAAC,GAAG,CAAC,CAAC,IAAI,CAAC,EAAE,KAAK,EAAE,IAAI,EAAE,SAAS,EAAE,aAAa,EAAE,CAAC,CAAC;SACtE;QAAC,OAAO,KAAK,EAAE;YACd,QAAQ;iBACL,MAAM,CAAC,GAAG,CAAC;iBACX,IAAI,CAAC,EAAE,KAAK,EAAE,KAAK,EAAE,OAAO,EAAE,+BAA+B,EAAE,CAAC,CAAC;SACrE;IACH,CAAC;IAEM,KAAK,CAAC,MAAM,CAAC,EAAE,OAAO,EAAE,QAAQ,EAAuB;QAC5D,MAAM,EAAE,GAAG,OAAO,CAAC,KAAK,CAAC,IAAI,CAAC,CAAC;QAC/B,IAAI;YACF,MAAM,QAAQ,GAAG,MAAM,kBAAQ,CAAC,IAAI,CAAC,EAAE,CAAC,CAAC;YACzC,IAAI,QAAQ,EAAE;gBACZ,MAAM,QAAQ,CAAC,MAAM,EAAE,CAAC;gBACxB,QAAQ;qBACL,MAAM,CAAC,GAAG,CAAC;qBACX,IAAI,CAAC,EAAE,KAAK,EAAE,IAAI,EAAE,OAAO,EAAE,8BAA8B,EAAE,CAAC,CAAC;aACnE;iBAAM;gBACL,QAAQ;qBACL,MAAM,CAAC,GAAG,CAAC;qBACX,IAAI,CAAC,EAAE,KAAK,EAAE,KAAK,EAAE,OAAO,EAAE,+BAA+B,EAAE,CAAC,CAAC;aACrE;SACF;QAAC,OAAO,KAAK,EAAE;YACd,QAAQ;iBACL,MAAM,CAAC,GAAG,CAAC;iBACX,IAAI,CAAC,EAAE,KAAK,EAAE,KAAK,EAAE,OAAO,EAAE,+BAA+B,EAAE,CAAC,CAAC;SACrE;IACH,CAAC;IAEM,KAAK,CAAC,MAAM,CAAC,EAAE,OAAO,EAAE,QAAQ,EAAuB;QAC5D,MAAM,EAAE,GAAG,OAAO,CAAC,KAAK,CAAC,IAAI,CAAC,CAAC;QAC/B,MAAM,WAAW,GAAG,OAAO,CAAC,KAAK,CAAC,UAAU,CAAC,CAAC;QAC9C,IAAI;YACF,MAAM,gBAAgB,GAAG,MAAM,kBAAQ,CAAC,IAAI,CAAC,EAAE,CAAC,CAAC;YACjD,IAAI,gBAAgB,EAAE;gBACpB,gBAAgB,CAAC,QAAQ,GAAG,WAAW,CAAC;gBACxC,gBAAgB,CAAC,IAAI,EAAE,CAAC;gBACxB,QAAQ;qBACL,MAAM,CAAC,GAAG,CAAC;qBACX,IAAI,CAAC,EAAE,KAAK,EAAE,IAAI,EAAE,OAAO,EAAE,4BAA4B,EAAE,CAAC,CAAC;aACjE;iBAAM;gBACL,QAAQ;qBACL,MAAM,CAAC,GAAG,CAAC;qBACX,IAAI,CAAC,EAAE,KAAK,EAAE,KAAK,EAAE,OAAO,EAAE,6BAA6B,EAAE,CAAC,CAAC;aACnE;SACF;QAAC,OAAO,KAAK,EAAE;YACd,QAAQ;iBACL,MAAM,CAAC,GAAG,CAAC;iBACX,IAAI,CAAC,EAAE,KAAK,EAAE,KAAK,EAAE,OAAO,EAAE,6BAA6B,EAAE,CAAC,CAAC;SACnE;IACH,CAAC;IACM,KAAK,CAAC,YAAY,CAAC,EAAE,OAAO,EAAE,QAAQ,EAAuB;QAClE,MAAM,EAAE,GAAG,OAAO,CAAC,KAAK,CAAC,IAAI,CAAC,CAAC;QAC/B,MAAM,SAAS,GAAG,OAAO,CAAC,KAAK,CAAC,QAAQ,CAAC,CAAC;QAC1C,MAAM,QAAQ,GAAG,OAAO,CAAC,KAAK,CAAC,WAAW,CAAC,CAAC;QAC5C,IAAI;YACF,MAAM,cAAc,GAAG,MAAM,gBAAM,CAAC,IAAI,CAAC,EAAE,CAAC,CAAC;YAC7C,OAAO,CAAC,GAAG,CAAC,cAAc,CAAC,CAAC;YAC5B,IAAI,cAAc,EAAE;gBAClB,cAAc,CAAC,MAAM,GAAG,SAAS,CAAC;gBAClC,cAAc,CAAC,SAAS,GAAG,QAAQ,CAAC;gBACpC,cAAc,CAAC,IAAI,EAAE,CAAC;gBACtB,QAAQ;qBACL,MAAM,CAAC,GAAG,CAAC;qBACX,IAAI,CAAC,EAAE,KAAK,EAAE,IAAI,EAAE,OAAO,EAAE,0BAA0B,EAAE,CAAC,CAAC;aAC/D;iBAAM;gBACL,QAAQ;qBACL,MAAM,CAAC,GAAG,CAAC;qBACX,IAAI,CAAC,EAAE,KAAK,EAAE,KAAK,EAAE,OAAO,EAAE,2BAA2B,EAAE,CAAC,CAAC;aACjE;SACF;QAAC,OAAO,KAAK,EAAE;YACd,QAAQ;iBACL,MAAM,CAAC,GAAG,CAAC;iBACX,IAAI,CAAC,EAAE,KAAK,EAAE,KAAK,EAAE,OAAO,EAAE,2BAA2B,EAAE,CAAC,CAAC;SACjE;IACH,CAAC;IAEM,KAAK,CAAC,UAAU,CAAC,EAAE,OAAO,EAAE,QAAQ,EAAuB;QAChE,MAAM,EAAE,GAAG,OAAO,CAAC,KAAK,CAAC,IAAI,CAAC,CAAC;QAC/B,IAAI;YACF,MAAM,SAAS,GAAG,MAAM,gBAAM,CAAC,KAAK,EAAE,CAAC,KAAK,CAAC,aAAa,EAAE,EAAE,CAAC,CAAC;YAChE,QAAQ,CAAC,MAAM,CAAC,GAAG,CAAC,CAAC,IAAI,CAAC;gBACxB,KAAK,EAAE,IAAI;gBACX,OAAO,EAAE,qBAAqB;gBAC9B,OAAO,EAAE,SAAS;aACnB,CAAC,CAAC;SACJ;QAAC,OAAO,KAAK,EAAE;YACd,QAAQ,CAAC,MAAM,CAAC,GAAG,CAAC,CAAC,IAAI,CAAC;gBACxB,KAAK,EAAE,KAAK;gBACZ,OAAO,EAAE,yCAAyC;aACnD,CAAC,CAAC;SACJ;IACH,CAAC;IAEM,KAAK,CAAC,IAAI,CAAC,EAAuB,IAAG,CAAC;IAEtC,KAAK,CAAC,aAAa,CAAC,QAAQ;QACjC,MAAM,gBAAgB,GAAG,MAAM,kBAAQ,CAAC,MAAM,CAAC,UAAU,EAAE,QAAQ,CAAC,CAAC;QACrE,IAAI,gBAAgB,EAAE;YAEpB,OAAO,gBAAgB,CAAC,WAAW,CAAC,EAAE,CAAC;SACxC;IACH,CAAC;CACF;AA9ID,sCA8IC","sourcesContent":["import type { HttpContextContract } from \"@ioc:Adonis/Core/HttpContext\";\nimport Answer from \"App/Models/Answer\";\nimport Question from \"App/Models/Question\";\n\nexport default class QuestionsController {\n  public async index({}: HttpContextContract) {}\n\n  public async create({ request, response }: HttpContextContract) {\n    const { question, options } = request.all();\n    const questionInput = new Question();\n    questionInput.question = question;\n    questionInput.state =
[...]
mn":11},"end":{"line":6,"column":62}},"type":"binary-expr","locations":[{"start":{"line":6,"column":11},"end":{"line":6,"column":16}},{"start":{"line":6,"column":20},"end":{"line":6,"column":21}},{"start":{"line":6,"column":25},"end":{"line":6,"column":62}}],"line":6},"10":{"loc":{"start":{"line":8,"column":17},"end":{"line":10,"column":1}},"type":"binary-expr","locations":[{"start":{"line":8,"column":18},"end":{"line":8,"column":22}},{"start":{"line":8,"column":26},"end":{"line":8,"column":41}},{"start":{"line":8,"column":46},"end":{"line":10,"column":1}}],"line":8},"11":{"loc":{"start":{"line":9,"column":4},"end":{"line":9,"column":109}},"type":"if","locations":[{"start":{"line":9,"column":4},"end":{"line":9,"column":109}},{"start":{"line":9,"column":4},"end":{"line":9,"column":109}}],"line":9},"12":{"loc":{"start":{"line":9,"column":8},"end":{"line":9,"column":77}},"type":"binary-expr","locations":[{"start":{"line":9,"column":8},"end":{"line":9,"column":35}},{"start":{"line":9,"column":39},"end":{"line":9,"column":77}}],"line":9},"13":{"loc":{"start":{"line":11,"column":22},"end":{"line":13,"column":1}},"type":"binary-expr","locations":[{"start":{"line":11,"column":23},"end":{"line":11,"column":27}},{"start":{"line":11,"column":31},"end":{"line":11,"column":51}},{"start":{"line":11,"column":56},"end":{"line":13,"column":1}}],"line":11},"14":{"loc":{"start":{"line":12,"column":11},"end":{"line":12,"column":61}},"type":"cond-expr","locations":[{"start":{"line":12,"column":37},"end":{"line":12,"column":40}},{"start":{"line":12,"column":43},"end":{"line":12,"column":61}}],"line":12},"15":{"loc":{"start":{"line":12,"column":12},"end":{"line":12,"column":33}},"type":"binary-expr","locations":[{"start":{"line":12,"column":12},"end":{"line":12,"column":15}},{"start":{"line":12,"column":19},"end":{"line":12,"column":33}}],"line":12},"16":{"loc":{"start":{"line":28,"column":30},"end":{"line":28,"column":126}},"type":"cond-expr","locations":[{"start":{"line":28,"column":115},"end":{"line":28,"column":117}},{"start":{"line":28,"column":120},"end":{"line":28,"column":126}}],"line":28},"17":{"loc":{"start":{"line":28,"column":43},"end":{"line":28,"column":96}},"type":"binary-expr","locations":[{"start":{"line":28,"column":43},"end":{"line":28,"column":79}},{"start":{"line":28,"column":83},"end":{"line":28,"column":96}}],"line":28}},"s":{"0":1,"1":2,"2":2,"3":2,"4":2,"5":0,"6":0,"7":0,"8":0,"9":2,"10":1,"11":2,"12":2,"13":1,"14":1,"15":1,"16":1,"17":1,"18":1,"19":1,"20":1,"21":1,"22":0,"23":1},"f":{"0":2,"1":2,"2":1,"3":0},"b":{"0":[1,1,1],"1":[0,2],"2":[0,2],"3":[2,0],"4":[2,2],"5":[0,0],"6":[0,0],"7":[0,0],"8":[0,0],"9":[2,2,0],"10":[1,1,1],"11":[2,0],"12":[2,2],"13":[1,1,1],"14":[1,0],"15":[1,1],"16":[0,1],"17":[1,0]},"inputSourceMap":{"version":3,"file":"TypeDocument.js","sourceRoot":"","sources":["TypeDocument.ts"],"names":[],"mappings":";;;;;;;;;;;;;;;AAAA,gEAAgD;AAChD,iFAAmC;AACnC,gEAAgD;AAEhD,gEAA0D;AAE1D,MAAqB,YAAa,SAAQ,eAAS;CAMlD;AAJC;IADC,IAAA,YAAM,EAAC,EAAE,SAAS,EAAE,IAAI,EAAE,CAAC;;wCACV;AAGlB;IADC,IAAA,aAAO,EAAC,GAAG,EAAE,CAAC,cAAI,CAAC;kDACN,aAAO,oBAAP,aAAO;2CAAc;AALrC,+BAMC","sourcesContent":["import { HasMany } from \"@ioc:Adonis/Lucid/Orm\";\nimport User from \"App/Models/User\";\nimport { hasMany } from \"@ioc:Adonis/Lucid/Orm\";\nimport { DateTime } from \"luxon\";\nimport { BaseModel, column } from \"@ioc:Adonis/Lucid/Orm\";\n\nexport default class TypeDocument extends BaseModel {\n  @column({ isPrimary: true })\n  public id: number;\n\n  @hasMany(() => User)\n  public users: HasMany<typeof User>;\n}\n"]},"_coverageSchema":"1a1c01bbd47fc00a2c39e90264f33305004495a9","hash":"48efd61bcdbf6ceb832cb8577d7c7704cc271c5b","contentHash":"19089436809ac99d7cb75761564374aefb1274b6e2250d81929ec7e009bc68ca"},"C:\\Users\\user\\Documents\\bootcampJS\\final_project\\app\\Models\\Form.ts":{"path":"C:\\Users\\user\\Documents\\bootcampJS\\final_project\\app\\Models\\Form.ts","statementMap":{"0":{"start":{"line":2,"column":17},"end":{"line":7,"column":1}},"1":{"start":{"line":3,"column":12},"end":{"line":3,"column":28}},"2":{"start":{"line":3,"column":34},"end":{"line":3,"column":125}},"3":{"start":{"line":4,"column":4},"end":{"line":5,"column":150}},"4":{"start":{"line":4,"column":79},"end":{"line":4,"column":131}},"5":{"start":{"line":5,"column":9},"end":{"line":5,"column":150}},"6":{"start":{"line":5,"column":22},"end":{"line":5,"column":43}},"7":{"start":{"line":5,"column":58},"end":{"line":5,"column":150}},"8":{"start":{"line":5,"column":81},"end":{"line":5,"column":150}},"9":{"start":{"line":6,"column":4},"end":{"line":6,"column":66}},"10":{"start":{"line":8,"column":17},"end":{"line":10,"column":1}},"11":{"start":{"line":9,"column":4},"end":{"line":9,"column":109}},"12":{"start":{"line":9,"column":79},"end":{"line":9,"column":109}},"13":{"start":{"line":11,"column":22},"end":{"line":13,"column":1}},"14":{"start":{"line":12,"column":4},"end":{"line":12,"column":62}},"15":{"start":{"line":15,"column":0},"end":{"line":15,"column":62}},"16":{"start":{"line":16,"column":15},"end":{"line":16,"column":80}},"17":{"start":{"line":17,"column":14},"end":{"line":17,"column":63}},"18":{"start":{"line":20,"column":0},"end":{"line":23,"column":33}},"19":{"start":{"line":24,"column":0},"end":{"line":27,"column":40}},"20":{"start":{"line":28,"column":0},"end":{"line":31,"column":36}},"21":{"start":{"line":32,"column":0},"end":{"line":35,"column":39}},"22":{"start":{"line":36,"column":0},"end":{"line":39,"column":38}},"23":{"start":{"line":40,"column":0},"end":{"line":43,"column":38}},"24":{"start":{"line":41,"column":31},"end":{"line":41,"column":45}},"25":{"start":{"line":44,"column":0},"end":{"line":44,"column":23}}},"fnMap":{"0":{"name":"(anonymous_0)","decl":{"start":{"line":2,"column":46},"end":{"line":2,"column":47}},"loc":{"start":{"line":2,"column":87},"end":{"line":7,"column":1}},"line":2},"1":{"name":"(anonymous_1)","decl":{"start":{"line":8,"column":46},"end":{"line":8,"column":47}},"loc":{"start":{"line":8,"column":62},"end":{"line":10,"column":1}},"line":8},"2":{"name":"(anonymous_2)","decl":{"start":{"line":11,"column":56},"end":{"line":11,"column":57}},"loc":{"start":{"line":11,"column":71},"end":{"line":13,"column":1}},"line":11},"3":{"name":"(anonymous_3)","decl":{"start":{"line":41,"column":25},"end":{"line":41,"column":26}},"loc":{"start":{"line":41,"column":31},"end":{"line":41,"column":45}},"line":41}},"branchMap":{"0":{"loc":{"start":{"line":2,"column":17},"end":{"line":7,"column":1}},"type":"binary-expr","locations":[{"start":{"line":2,"column":18},"end":{"line":2,"column":22}},{"start":{"line":2,"column":26},"end":{"line":2,"column":41}},{"start":{"line":2,"column":46},"end":{"line":7,"column":1}}],"line":2},"1":{"loc":{"start":{"line":3,"column":34},"end":{"line":3,"column":125}},"type":"cond-expr","locations":[{"start":{"line":3,"column":42},"end":{"line":3,"column":48}},{"start":{"line":3,"column":51},"end":{"line":3,"column":125}}],"line":3},"2":{"loc":{"start":{"line":3,"column":51},"end":{"line":3,"column":125}},"type":"cond-expr","locations":[{"start":{"line":3,"column":67},"end":{"line":3,"column":118}},{"start":{"line":3,"column":121},"end":{"line":3,"column":125}}],"line":3},"3":{"loc":{"start":{"line":4,"column":4},"end":{"line":5,"column":150}},"type":"if","locations":[{"start":{"line":4,"column":4},"end":{"line":5,"column":150}},{"start":{"line":4,"column":4},"end":{"line":5,"column":150}}],"line":4},"4":{"loc":{"start":{"line":4,"column":8},"end":{"line":4,"column":77}},"type":"binary-expr","locations":[{"start":{"line":4,"column":8},"end":{"line":4,"column":35}},{"start":{"line":4,"column":39},"end":{"line":4,"column":77}}],"line":4},"5":{"loc":{"start":{"line":5,"column":58},"end":{"line":5,"column":150}},"type":"if","locations":[{"start":{"line":5,"column":58},"end":{"line":5,"column":150}},{"start":{"line":5,"column":58},"end":{"line":5,"column":150}}],"line":5},"6":{"loc":{"start":{"line":5,"column":85},"end":{"line":5,"column":149}},"type":"binary-expr","locations":[{"start":{"line":5,"column":86},"end":{"line":5,"column":143}},{"start":{"line":5,"column":148},"end":{"line":5,"column":149}}],"line":5},"7":{"loc":{"start":{"line":5,"column":86},"end":{"line":5,"column":143}},"type":"cond-expr","locations":[{"start":{"line":5,"column":94},"end":{"line":5,"column":98}},{"start":{"line":5,"column":101},"end":{"line":5,"column":143}}],"line":5},"8":{"loc":{"start":{"line":5,"column":101},"end":{"line":5,"column":143}},"type":"cond-expr","locations":[{"start":{"line":5,"column":109},"end":{"line":5,"column":126}},{"start":{"line":5,"column":129},"end":{"line":5,"column":143}}],"line":5},"9":{"loc":{"start":{"line":6,"column":11},"end":{"line":6,"column":62}},"type":"binary-expr","locations":[{"start":{"line":6,"column":11},"end":{"line":6,"column":16}},{"start":{"line":6,"column":20},"end":{"line":6,"column":21}},{"start":{"line":6,"column":25},"end":{"line":6,"column":62}}],"line":6},"10":{"loc":{"start":{"line":8,"column":17},"end":{"line":10,"column":1}},"type":"binary-expr","locations":[{"start":{"line":8,"column":18},"end":{"line":8,"column":22}},{"start":{"line":8,"column":26},"end":{"line":8,"column":41}},{"start":{"line":8,"column":46},"end":{"line":10,"column":1}}],"line":8},"11":{"loc":{"start":{"line":9,"column":4},"end":{"line":9,"column":109}},"type":"if","locations":[{"start":{"line":9,"column":4},"end":{"line":9,"column":109}},{"start":{"line":9,"column":4},"end":{"line":9,"column":109}}],"line":9},"12":{"loc":{"start":{"line":9,"column":8},"end":{"line":9,"column":77}},"type":"binary-expr","locations":[{"start":{"line":9,"column":8},"end":{"line":9,"column":35}},{"start":{"line":9,"column":39},"end":{"line":9,"column":77}}],"line":9},"13":{"loc":{"start":{"line":11,"column":22},"end":{"line":13,"column":1}},"type":"binary-expr","locations":[{"start":{"line":11,"column":23},"end":{"line":11,"column":27}},{"start":{"line":11,"column":31},"end":{"line":11,"column":51}},{"start":{"line":11,"column":56},"end":{"line":13,"column":1}}],"line":11},"14":{"loc":{"start":{"line":12,"column":11},"end":{"line":12,"column":61}},"type":"cond-expr","locations":[{"start":{"line":12,"column":37},"end":{"line":12,"column":40}},{"start":{"line":12,"column":43},"end":{"line":12,"column":61}}],"line":12},"15":{"loc":{"start":{"line":12,"column":12},"end":{"line":12,"column":33}},"type":"binary-expr","locations":[{"start":{"line":12,"column":12},"end":{"line":12,"column":15}},{"start":{"line":12,"column":19},"end":{"line":12,"column":33}}],"line":12},"16":{"loc":{"start":{"line":42,"column":30},"end":{"line":42,"column":130}},"type":"cond-expr","locations":[{"start":{"line":42,"column":119},"end":{"line":42,"column":121}},{"start":{"line":42,"column":124},"end":{"line":42,"column":130}}],"line":42},"17":{"loc":{"start":{"line":42,"column":43},"end":{"line":42,"column":100}},"type":"binary-expr","locations":[{"start":{"line":42,"column":43},"end":{"line":42,"column":81}},{"start":{"line":42,"column":85},"end":{"line":42,"column":100}}],"line":42}},"s":{"0":1,"1":6,"2":6,"3":6,"4":6,"5":0,"6":0,"7":0,"8":0,"9":6,"10":1,"11":6,"12":6,"13":1,"14":1,"15":1,"16":1,"17":1,"18":1,"19":1,"20":1,"21":1,"22":1,"23":1,"24":0,"25":1},"f":{"0":6,"1":6,"2":1,"3":0},"b":{"0":[1,1,1],"1":[0,6],"2":[0,6],"3":[6,0],"4":[6,6],"5":[0,0],"6":[0,0],"7":[0,0],"8":[0,0],"9":[6,6,0],"10":[1,1,1],"11":[6,0],"12":[6,6],"13":[1,1,1],"14":[1,0],"15":[1,1],"16":[0,1],"17":[1,0]},"inputSourceMap":{"version":3,"file":"Form.js","sourceRoot":"","sources":["Form.ts"],"names":[],"mappings":";;;;;;;;;;;;;;;AAAA,iFAAmC;AAEnC,gEAO+B;AAG/B,MAAqB,IAAK,SAAQ,eAAS;CAqB1C;AAnBC;IADC,IAAA,YAAM,EAAC,EAAE,SAAS,EAAE,IAAI,EAAE,CAAC;;gCACV;AAGlB;IADC,IAAA,YAAM,GAAE;;uCACgB;AAGzB;IADC,IAAA,YAAM,GAAE;;mCACa;AAGtB;IADC,IAAA,YAAM,GAAE;;sCACgB;AAGzB;IADC,IAAA,YAAM,GAAE;;qCACc;AAGvB;IADC,IAAA,eAAS,EAAC,GAAG,EAAE,CAAC,cAAI,CAAC;kDACN,eAAS,oBAAT,eAAS;qCAAc;AAjBzC,uBAqBC","sourcesContent":["import User from \"App/Models/User\";\nimport { DateTime } from \"luxon\";\nimport {\n  BaseModel,\n  belongsTo,\n  BelongsTo,\n  column,\n  HasMany,\n  hasMany,\n} from \"@ioc:Adonis/Lucid/Orm\";\nimport Question from \"./Question\";\n\nexport default class Form extends BaseModel {\n  @column({ isPrimary: true })\n  public id: number;\n\n  @column()\n  public studentId: number;\n\n  @column()\n  public state: boolean;\n\n  @column()\n  public answerId: boolean;\n\n  @column()\n  public answers: string;\n\n  @belongsTo(() => User)\n  public student: BelongsTo<typeof User>;\n\n  // @hasMany(() => Question)\n  // public questions: HasMany<typeof Question>;\n}\n"]},"_coverageSchema":"1a1c01bbd47fc00a2c39e90264f33305004495a9","hash":"a0c714c736cdeee0d1324bdb02180fc214086065","contentHash":"37905217fa6128ecfc64efe69f69d780292e5e13b39daa19ae5a69121ef03cff"},"C:\\Users\\user\\Documents\\bootcampJS\\final_project\\app\\Controllers\\Http\\FormsController.ts":{"path":"C:\\Users\\user\\Documents\\bootcampJS\\final_project\\app\\Controllers\\Http\\FormsController.ts","statementMap":{"0":{"start":{"line":2,"column":22},"end":{"line":4,"column":1}},"1":{"start":{"line":3,"column":4},"end":{"line":3,"column":62}},"2":{"start":{"line":5,"column":0},"end":{"line":5,"column":62}},"3":{"start":{"line":6,"column":19},"end":{"line":6,"column":88}},"4":{"start":{"line":7,"column":15},"end":{"line":7,"column":80}},"5":{"start":{"line":11,"column":42},"end":{"line":11,"column":55}},"6":{"start":{"line":12,"column":8},"end":{"line":28,"column":9}},"7":{"start":{"line":13,"column":12},"end":{"line":13,"column":40}},"8":{"start":{"line":14,"column":25},"end":{"line":14,"column":45}},"9":{"start":{"line":15,"column":12},"end":{"line":15,"column":42}},"10":{"start":{"line":16,"column":12},"end":{"line":16,"column":51}},"11":{"start":{"line":17,"column":12},"end":{"line":17,"column":30}},"12":{"start":{"line":18,"column":12},"end":{"line":20,"column":84}},"13":{"start":{"line":23,"column":12},"end":{"line":23,"column":31}},"14":{"start":{"line":24,"column":12},"end":{"line":27,"column":15}},"15":{"start":{"line":32,"column":8},"end":{"line":40,"column":9}},"16":{"start":{"line":33,"column":30},"end":{"line":33,"column":81}},"17":{"start":{"line":34,"column":12},"end":{"line":34,"column":77}},"18":{"start":{"line":37,"column":12},"end":{"line":39,"column":80}},"19":{"start":{"line":46,"column":0},"end":{"line":46,"column":34}}},"fnMap":{"0":{"name":"(anonymous_0)","decl":{"start":{"line":2,"column":56},"end":{"line":2,"column":57}},"loc":{"start":{"line":2,"column":71},"end":{"line":4,"column":1}},"line":2},"1":{"name":"(anonymous_1)","decl":{"start":{"line":9,"column":4},"end":{"line":9,"column":5}},"loc":{"start":{"line":9,"column":20},"end":{"line":9,"column":23}},"line":9},"2":{"name":"(anonymous_2)","decl":{"start":{"line":10,"column":4},"end":{"line":10,"column":5}},"loc":{"start":{"line":10,"column":40},"end":{"line":29,"column":5}},"line":10},"3":{"name":"(anonymous_3)","decl":{"start":{"line":30,"column":4},"end":{"line":30,"column":5}},"loc":{"start":{"line":30,"column":20},"end":{"line":30,"column":23}},"line":30},"4":{"name":"(anonymous_4)","decl":{"start":{"line":31,"column":4},"end":{"line":31,"column":5}},"loc":{"start":{"line":31,"column":38},"end":{"line":41,"column":5}},"line":31},"5":{"name":"(anonymous_5)","decl":{"start":{"line":42,"column":4},"end":{"line":42,"column":5}},"loc":{"start":{"line":42,"column":19},"end":{"line":42,"column":22}},"line":42},"6":{"name":"(anonymous_6)","decl":{"start":{"line":43,"column":4},"end":{"line":43,"column":5}},"loc":{"start":{"line":43,"column":21},"end":{"line":43,"column":24}},"line":43},"7":{"name":"(anonymous_7)","decl":{"start":{"line":44,"column":4},"end":{"line":44,"column":5}},"loc":{"start":{"line":44,"column":22},"end":{"line":44,"column":25}},"line":44}},"branchMap":{"0":{"loc":{"start":{"line":2,"column":22},"end":{"line":4,"column":1}},"type":"binary-expr","locations":[{"start":{"line":2,"column":23},"end":{"line":2,"column":27}},{"start":{"line":2,"column":31},"end":{"line":2,"column":51}},{"start":{"line":2,"column":56},"end":{"line":4,"column":1}}],"line":2},"1":{"loc":{"start":{"line":3,"column":11},"end":{"line":3,"column":61}},"type":"cond-expr","locations":[{"start":{"line":3,"column":37},"end":{"line":3,"column":40}},{"start":{"line":3,"column":43},"end":{"line":3,"column":61}}],"line":3},"2":{"loc":{"start":{"line":3,"column":12},"end":{"line":3,"column":33}},"type":"binary-expr","locations":[{"start":{"line":3,"column":12},"end":{"line":3,"column":15}},{"start":{"line":3,"column":19},"end":{"line":3,"column":33}}],"line":3}},"s":{"0":1,"1":2,"2":1,"3":1,"4":1,"5":1,"6":1,"7":1,"8":1,"9":1,"10":1,"11":1,"12":1,"13":0,"14":0,"15":1,"16":1,"17":1,"18":0,"19":1},"f":{"0":2,"1":0,"2":1,"3":0,"4":1,"5":0,"6":0,"7":0},"b":{"0":[1,1,1],"1":[2,0],"2":[2,2]},"inputSourceMap":{"version":3,"file":"FormsController.js","sourceRoot":"","sources":["FormsController.ts"],"names":[],"mappings":";;;;;AAAA,yFAA2C;AAE3C,iFAAmC;AAEnC,MAAqB,eAAe;IAC3B,KAAK,CAAC,KAAK,CAAC,EAAuB,IAAG,CAAC;IAEvC,KAAK,CAAC,MAAM,CAAC,EAAE,OAAO,EAAE,QAAQ,EAAuB;QAC5D,MAAM,EAAE,YAAY,EAAE,OAAO,EAAE,GAAG,OAAO,CAAC,GAAG,EAAE,CAAC;QAEhD,IAAI;YACF,OAAO,CAAC,GAAG,CAAC,OAAO,OAAO,CAAC,CAAC;YAC5B,MAAM,IAAI,GAAG,IAAI,cAAI,EAAE,CAAC;YAExB,IAAI,CAAC,SAAS,GAAG,YAAY,CAAC;YAC9B,IAAI,CAAC,OAAO,GAAG,IAAI,CAAC,SAAS,CAAC,OAAO,CAAC,CAAC;YAEvC,MAAM,IAAI,CAAC,IAAI,EAAE,CAAC;YAClB,QAAQ;iBACL,MAAM,CAAC,GAAG,CAAC;iBACX,IAAI,CAAC,EAAE,KAAK,EAAE,IAAI,EAAE,OAAO,EAAE,kCAAkC,EAAE,CAAC,CAAC;SACvE;QAAC,OAAO,KAAK,EAAE;YACd,OAAO,CAAC,GAAG,CAAC,KAAK,CAAC,CAAC;YACnB,QAAQ,CAAC,MAAM,CAAC,GAAG,CAAC,CAAC,IAAI,CAAC;gBACxB,KAAK,EAAE,KAAK;gBACZ,OAAO,EAAE,yCAAyC;aACnD,CAAC,CAAC;SACJ;IACH,CAAC;IAEM,KAAK,CAAC,KAAK,CAAC,EAAuB,IAAG,CAAC;IAEvC,KAAK,CAAC,IAAI,CAAC,EAAE,OAAO,EAAE,QAAQ,EAAuB;QAC1D,IAAI;YACF,MAAM,SAAS,GAAG,MAAM,kBAAQ,CAAC,KAAK,EAAE,CAAC,OAAO,CAAC,SAAS,CAAC,CAAC;YAC5D,QAAQ,CAAC,MAAM,CAAC,GAAG,CAAC,CAAC,IAAI,CAAC,EAAE,KAAK,EAAE,IAAI,EAAE,SAAS,EAAE,SAAS,EAAE,CAAC,CAAC;SAClE;QAAC,OAAO,KAAK,EAAE;YACd,QAAQ;iBACL,MAAM,CAAC,GAAG,CAAC;iBACX,IAAI,CAAC,EAAE,KAAK,EAAE,KAAK,EAAE,OAAO,EAAE,6BAA6B,EAAE,CAAC,CAAC;SACnE;IACH,CAAC;IAEM,KAAK,CAAC,IAAI,CAAC,EAAuB,IAAG,CAAC;IAEtC,KAAK,CAAC,MAAM,CAAC,EAAuB,IAAG,CAAC;IAExC,KAAK,CAAC,OAAO,CAAC,EAAuB,IAAG,CAAC;CACjD;AA5CD,kCA4CC","sourcesContent":["import Question from \"App/Models/Question\";\nimport type { HttpContextContract } from \"@ioc:Adonis/Core/HttpContext\";\nimport Form from \"App/Models/Form\";\n\nexport default class FormsController {\n  public async index({}: HttpContextContract) {}\n\n  public async create({ request, response }: HttpContextContract) {\n    const { estudianteId, answers } = request.all();\n\n    try {\n      console.log(typeof answers);\n      const form = new Form();\n\n      form.studentId = estudianteId;\n      form.answers = JSON.stringify(answers);\n\n      await form.save();\n      response\n        .status(200)\n        .json({ state: true, message: \"Respuestas almacenadas con exito\" });\n    } catch (error) {\n      console.log(error);\n      response.status(400).json({\n        state: false,\n        message: \"No se pudieron almacenar las respuestas\",\n      });\n    }\n  }\n\n  public async store({}: HttpContextContract) {}\n\n  public async show({ request, response }: HttpContextContract) {\n    try {\n      const questions = await Question.query().preload(\"answers\");\n      response.status(200).json({ state: true, questions: questions });\n    } catch (error) {\n      response\n        .status(400)\n        .json({ state: false, message: \"Error al obtener el listado\" });\n    }\n  }\n\n  public async edit({}: HttpContextContract) {}\n\n  public async update({}: HttpContextContract) {}\n\n  public async destroy({}: HttpContextContract) {}\n}\n"]},"_coverageSchema":"1a1c01bbd47fc00a2c39e90264f33305004495a9","hash":"0e59e1d60b09a574508f713325c99711ef93c1a1","contentHash":"79ef1c545aff82c093427b748fd82f152c652712915b62d557aace4d7601b0d9"}}